TN:
SF:/Users/oguzemrecakil/.conan/data/gtest/cci.20210126/_/_/package/8ea16b5437d767794f13beec66099d7352875d19/include/gtest/gtest.h
FN:2470,_Z13RUN_ALL_TESTSv
FNDA:24,_Z13RUN_ALL_TESTSv
FNF:1
FNH:1
DA:2470,24
DA:2471,24
LF:2
LH:2
end_of_record
SF:/Users/oguzemrecakil/.conan/data/gtest/cci.20210126/_/_/package/8ea16b5437d767794f13beec66099d7352875d19/include/gtest/gtest.h
DA:2470,24
DA:2471,24
LF:2
LH:2
end_of_record
SF:/Users/oguzemrecakil/Desktop/HelloWorld/unittest/main.cpp
FN:6,main
FNDA:24,main
FNF:1
FNH:1
DA:6,24
DA:7,24
DA:8,24
LF:3
LH:3
end_of_record
SF:/Users/oguzemrecakil/Desktop/HelloWorld/unittest/main.cpp
DA:6,24
DA:7,24
DA:8,24
LF:3
LH:3
end_of_record
TN:
SF:/Library/Developer/CommandLineTools/usr/include/c++/v1/__locale
FN:248,_ZNSt3__1L9use_facetINS_5ctypeIcEEEERKT_RKNS_6localeE
FN:679,_ZNKSt3__15ctypeIcE5widenEc
FNDA:1080,_ZNSt3__1L9use_facetINS_5ctypeIcEEEERKT_RKNS_6localeE
FNDA:1080,_ZNKSt3__15ctypeIcE5widenEc
FNF:2
FNH:2
DA:248,1080
DA:250,1080
DA:679,1080
DA:681,1080
LF:4
LH:4
end_of_record
SF:/Library/Developer/CommandLineTools/usr/include/c++/v1/__string
FN:244,_ZNSt3__111char_traitsIcE6assignERcRKc
FN:245,_ZNSt3__111char_traitsIcE2eqEcc
FN:253,_ZNSt3__111char_traitsIcE6lengthEPKc
FN:279,_ZNSt3__111char_traitsIcE7not_eofEi
FN:281,_ZNSt3__111char_traitsIcE12to_char_typeEi
FN:283,_ZNSt3__111char_traitsIcE11to_int_typeEc
FN:285,_ZNSt3__111char_traitsIcE11eq_int_typeEii
FN:287,_ZNSt3__111char_traitsIcE3eofEv
FN:293,_ZNSt3__111char_traitsIcE7compareEPKcS3_m
FN:315,_ZNSt3__111char_traitsIcE4findEPKcmRS2_
FN:836,_ZNSt3__118__search_substringIcNS_11char_traitsIcEEEEPKT_S5_S5_S5_S5_
FN:875,_ZNSt3__1L10__str_findIcmNS_11char_traitsIcEELm18446744073709551615EEET0_PKT_S3_S6_S3_S3_
FN:935,_ZNSt3__1L19__str_find_first_ofIcmNS_11char_traitsIcEELm18446744073709551615EEET0_PKT_S3_S6_S3_S3_
FNDA:30276,_ZNSt3__111char_traitsIcE6assignERcRKc
FNDA:0,_ZNSt3__111char_traitsIcE2eqEcc
FNDA:2256,_ZNSt3__111char_traitsIcE6lengthEPKc
FNDA:0,_ZNSt3__111char_traitsIcE7not_eofEi
FNDA:1872,_ZNSt3__111char_traitsIcE12to_char_typeEi
FNDA:1872,_ZNSt3__111char_traitsIcE11to_int_typeEc
FNDA:12192,_ZNSt3__111char_traitsIcE11eq_int_typeEii
FNDA:13656,_ZNSt3__111char_traitsIcE3eofEv
FNDA:0,_ZNSt3__111char_traitsIcE7compareEPKcS3_m
FNDA:0,_ZNSt3__111char_traitsIcE4findEPKcmRS2_
FNDA:0,_ZNSt3__118__search_substringIcNS_11char_traitsIcEEEEPKT_S5_S5_S5_S5_
FNDA:0,_ZNSt3__1L10__str_findIcmNS_11char_traitsIcEELm18446744073709551615EEET0_PKT_S3_S6_S3_S3_
FNDA:0,_ZNSt3__1L19__str_find_first_ofIcmNS_11char_traitsIcEELm18446744073709551615EEET0_PKT_S3_S6_S3_S3_
FNF:13
FNH:6
DA:244,30276
DA:245,0
DA:246,0
DA:253,2256
DA:279,0
DA:280,0
DA:281,1872
DA:282,1872
DA:283,1872
DA:284,1872
DA:285,12192
DA:286,12192
DA:287,13656
DA:288,13656
DA:293,0
DA:295,0
DA:296,0
DA:298,0
DA:311,0
DA:315,0
DA:317,0
DA:318,0
DA:320,0
DA:332,0
DA:836,0
DA:840,0
DA:841,0
DA:842,0
DA:844,0
DA:845,0
DA:846,0
DA:849,0
DA:850,0
DA:851,0
DA:853,0
DA:854,0
DA:857,0
DA:858,0
DA:859,0
DA:866,0
DA:867,0
DA:869,0
DA:871,0
DA:875,0
DA:878,0
DA:879,0
DA:881,0
DA:882,0
DA:884,0
DA:885,0
DA:887,0
DA:888,0
DA:889,0
DA:890,0
DA:935,0
DA:938,0
DA:939,0
DA:940,0
DA:941,0
DA:942,0
DA:943,0
DA:944,0
DA:945,0
LF:63
LH:10
end_of_record
SF:/Library/Developer/CommandLineTools/usr/include/c++/v1/algorithm
FN:715,_ZNKSt3__16__lessIPcS1_EclERKS1_S4_
FN:1105,_ZNSt3__118__find_first_of_ceIPKcS2_PFbccEEET_S5_S5_T0_S6_T1_
FN:2624,_ZNSt3__1L3maxIPcNS_6__lessIS1_S1_EEEERKT_S6_S6_T0_
FN:2633,_ZNSt3__1L3maxIPcEERKT_S4_S4_
FNDA:1872,_ZNKSt3__16__lessIPcS1_EclERKS1_S4_
FNDA:0,_ZNSt3__118__find_first_of_ceIPKcS2_PFbccEEET_S5_S5_T0_S6_T1_
FNDA:1872,_ZNSt3__1L3maxIPcNS_6__lessIS1_S1_EEEERKT_S6_S6_T0_
FNDA:1872,_ZNSt3__1L3maxIPcEERKT_S4_S4_
FNF:4
FNH:3
DA:715,1872
DA:1105,0
DA:1108,0
DA:1109,0
DA:1110,0
DA:1111,0
DA:1112,0
DA:1113,0
DA:2624,1872
DA:2626,1872
DA:2633,1872
DA:2635,1872
LF:12
LH:5
end_of_record
SF:/Library/Developer/CommandLineTools/usr/include/c++/v1/atomic
FN:1035,_ZNSt3__1L22__cxx_atomic_fetch_subIiEET_PNS_22__cxx_atomic_base_implIS1_EES1_NS_12memory_orderE
FN:1580,_ZNSt3__113__atomic_baseIiLb1EE9fetch_subEiNS_12memory_orderE
FNDA:0,_ZNSt3__1L22__cxx_atomic_fetch_subIiEET_PNS_22__cxx_atomic_base_implIS1_EES1_NS_12memory_orderE
FNDA:0,_ZNSt3__113__atomic_baseIiLb1EE9fetch_subEiNS_12memory_orderE
FNF:2
FNH:0
DA:1035,0
DA:1036,0
DA:1580,0
DA:1581,0
LF:4
LH:0
end_of_record
SF:/Users/oguzemrecakil/.conan/data/gtest/cci.20210126/_/_/package/8ea16b5437d767794f13beec66099d7352875d19/include/gmock/internal/gmock-internal-utils.h
FN:52,_ZN7testing7MatcherIRKiED0Ev
FN:52,_ZN7testing7MatcherIRKiED2Ev
FN:52,_ZN7testing7MatcherIRKiED1Ev
FNDA:48,_ZN7testing7MatcherIRKiED1Ev
FNDA:0,_ZN7testing7MatcherIRKiED0Ev
FNDA:48,_ZN7testing7MatcherIRKiED2Ev
FNF:3
FNH:2
DA:52,96
LF:1
LH:1
end_of_record
SF:/Users/oguzemrecakil/.conan/data/gtest/cci.20210126/_/_/package/8ea16b5437d767794f13beec66099d7352875d19/include/gmock/gmock-matchers.h
FN:303,_ZN7testing25StringMatchResultListenerD2Ev
FN:303,_ZN7testing25StringMatchResultListenerD1Ev
FN:303,_ZN7testing25StringMatchResultListenerD0Ev
FN:305,_ZN7testing25StringMatchResultListenerC2Ev
FN:305,_ZN7testing25StringMatchResultListenerC1Ev
FN:308,_ZNK7testing25StringMatchResultListener3strEv
FN:336,_ZN7testing8internal15MatcherCastImplIRKiNS0_9EqMatcherIjEEE4CastERKS5_
FN:357,_ZN7testing8internal15MatcherCastImplIRKiNS0_9EqMatcherIjEEE8CastImplILb0EEENS_7MatcherIS3_EERKS5_NSt3__117integral_constantIbLb1EEENSD_IbXT_EEE
FN:509,_ZN7testing11MatcherCastIRKiNS_8internal9EqMatcherIjEEEENS_7MatcherIT_EERKT0_
FN:516,_ZN7testing15SafeMatcherCastIRKiNS_8internal9EqMatcherIjEEEENS_7MatcherIT_EERKT0_
FN:561,_ZN7testing8internal15PrintIfNotEmptyERKNSt3__112basic_stringIcNS1_11char_traitsIcEENS1_9allocatorIcEEEEPNS1_13basic_ostreamIcS4_EE
FN:571,_ZN7testing8internal18IsReadableTypeNameERKNSt3__112basic_stringIcNS1_11char_traitsIcEENS1_9allocatorIcEEEE
FN:584,_ZN7testing8internal20MatchPrintAndExplainIKiRS2_EEbRT_RKNS_7MatcherIT0_EEPNS_19MatchResultListenerE
FN:1516,_ZN7testing8internal29PredicateFormatterFromMatcherINS0_9EqMatcherIjEEEC1ES3_
FN:1516,_ZN7testing8internal29PredicateFormatterFromMatcherINS0_9EqMatcherIjEEEC2ES3_
FN:1522,_ZNK7testing8internal29PredicateFormatterFromMatcherINS0_9EqMatcherIjEEEclIiEENS_15AssertionResultEPKcRKT_
FN:1567,_ZN7testing8internal33MakePredicateFormatterFromMatcherINS0_9EqMatcherIjEEEENS0_29PredicateFormatterFromMatcherIT_EES5_
FNDA:48,_ZN7testing25StringMatchResultListenerD1Ev
FNDA:0,_ZN7testing25StringMatchResultListenerD0Ev
FNDA:48,_ZN7testing25StringMatchResultListenerD2Ev
FNDA:48,_ZN7testing25StringMatchResultListenerC1Ev
FNDA:48,_ZN7testing25StringMatchResultListenerC2Ev
FNDA:48,_ZNK7testing25StringMatchResultListener3strEv
FNDA:48,_ZN7testing8internal15MatcherCastImplIRKiNS0_9EqMatcherIjEEE4CastERKS5_
FNDA:48,_ZN7testing8internal15MatcherCastImplIRKiNS0_9EqMatcherIjEEE8CastImplILb0EEENS_7MatcherIS3_EERKS5_NSt3__117integral_constantIbLb1EEENSD_IbXT_EEE
FNDA:48,_ZN7testing11MatcherCastIRKiNS_8internal9EqMatcherIjEEEENS_7MatcherIT_EERKT0_
FNDA:48,_ZN7testing15SafeMatcherCastIRKiNS_8internal9EqMatcherIjEEEENS_7MatcherIT_EERKT0_
FNDA:24,_ZN7testing8internal15PrintIfNotEmptyERKNSt3__112basic_stringIcNS1_11char_traitsIcEENS1_9allocatorIcEEEEPNS1_13basic_ostreamIcS4_EE
FNDA:24,_ZN7testing8internal18IsReadableTypeNameERKNSt3__112basic_stringIcNS1_11char_traitsIcEENS1_9allocatorIcEEEE
FNDA:24,_ZN7testing8internal20MatchPrintAndExplainIKiRS2_EEbRT_RKNS_7MatcherIT0_EEPNS_19MatchResultListenerE
FNDA:48,_ZN7testing8internal29PredicateFormatterFromMatcherINS0_9EqMatcherIjEEEC1ES3_
FNDA:48,_ZN7testing8internal29PredicateFormatterFromMatcherINS0_9EqMatcherIjEEEC2ES3_
FNDA:48,_ZNK7testing8internal29PredicateFormatterFromMatcherINS0_9EqMatcherIjEEEclIiEENS_15AssertionResultEPKcRKT_
FNDA:48,_ZN7testing8internal33MakePredicateFormatterFromMatcherINS0_9EqMatcherIjEEEENS0_29PredicateFormatterFromMatcherIT_EES5_
FNF:17
FNH:16
DA:303,96
DA:305,96
DA:308,48
DA:336,48
DA:350,96
DA:351,48
DA:352,48
DA:357,48
DA:368,48
DA:509,48
DA:510,48
DA:516,48
DA:517,48
DA:561,24
DA:563,24
DA:564,0
DA:565,0
DA:566,24
DA:571,24
DA:574,24
DA:575,0
DA:584,24
DA:586,24
DA:589,0
DA:592,24
DA:593,24
DA:595,24
DA:597,24
DA:598,24
DA:599,24
DA:601,24
DA:603,24
DA:604,24
DA:1516,96
DA:1522,48
DA:1534,48
DA:1538,48
DA:1539,24
DA:1542,24
DA:1543,24
DA:1544,24
DA:1545,24
DA:1548,24
DA:1549,24
DA:1550,0
DA:1552,0
DA:1553,24
DA:1554,24
DA:1555,48
DA:1567,48
DA:1568,48
LF:51
LH:45
end_of_record
SF:/Users/oguzemrecakil/.conan/data/gtest/cci.20210126/_/_/package/8ea16b5437d767794f13beec66099d7352875d19/include/gtest/internal/gtest-internal.h
FN:435,_ZN7testing8internal9GetTypeIdI6AHelloEEPKvv
FN:454,_ZN7testing8internal15TestFactoryBaseD1Ev
FN:454,_ZN7testing8internal15TestFactoryBaseD0Ev
FN:454,_ZN7testing8internal15TestFactoryBaseD2Ev
FN:461,_ZN7testing8internal15TestFactoryBaseC2Ev
FN:470,_ZN7testing8internal15TestFactoryImplI27AHello_return7Function_TestEC1Ev
FN:470,_ZN7testing8internal15TestFactoryImplI27AHello_return7Function_TestED0Ev
FN:470,_ZN7testing8internal15TestFactoryImplI28AHello_return7Function2_TestEC2Ev
FN:470,_ZN7testing8internal15TestFactoryImplI27AHello_return7Function_TestED1Ev
FN:470,_ZN7testing8internal15TestFactoryImplI27AHello_return7Function_TestED2Ev
FN:470,_ZN7testing8internal15TestFactoryImplI28AHello_return7Function2_TestED2Ev
FN:470,_ZN7testing8internal15TestFactoryImplI28AHello_return7Function2_TestED1Ev
FN:470,_ZN7testing8internal15TestFactoryImplI28AHello_return7Function2_TestEC1Ev
FN:470,_ZN7testing8internal15TestFactoryImplI27AHello_return7Function_TestEC2Ev
FN:470,_ZN7testing8internal15TestFactoryImplI28AHello_return7Function2_TestED0Ev
FN:472,_ZN7testing8internal15TestFactoryImplI28AHello_return7Function2_TestE10CreateTestEv
FN:472,_ZN7testing8internal15TestFactoryImplI27AHello_return7Function_TestE10CreateTestEv
FN:492,_ZN7testing8internal12CodeLocationD1Ev
FN:492,_ZN7testing8internal12CodeLocationD2Ev
FN:493,_ZN7testing8internal12CodeLocationC1ERKNSt3__112basic_stringIcNS2_11char_traitsIcEENS2_9allocatorIcEEEEi
FN:493,_ZN7testing8internal12CodeLocationC2ERKNSt3__112basic_stringIcNS2_11char_traitsIcEENS2_9allocatorIcEEEEi
FN:506,_ZN7testing8internal19GetNotDefaultOrNullEPFvvES2_
FN:521,_ZN7testing8internal16SuiteApiResolverI6AHelloE19GetSetUpCaseOrSuiteEPKci
FN:542,_ZN7testing8internal16SuiteApiResolverI6AHelloE22GetTearDownCaseOrSuiteEPKci
FNDA:48,_ZN7testing8internal9GetTypeIdI6AHelloEEPKvv
FNDA:0,_ZN7testing8internal15TestFactoryBaseD1Ev
FNDA:0,_ZN7testing8internal15TestFactoryBaseD0Ev
FNDA:48,_ZN7testing8internal15TestFactoryBaseD2Ev
FNDA:48,_ZN7testing8internal15TestFactoryBaseC2Ev
FNDA:24,_ZN7testing8internal15TestFactoryImplI27AHello_return7Function_TestEC1Ev
FNDA:24,_ZN7testing8internal15TestFactoryImplI28AHello_return7Function2_TestEC1Ev
FNDA:24,_ZN7testing8internal15TestFactoryImplI27AHello_return7Function_TestEC2Ev
FNDA:24,_ZN7testing8internal15TestFactoryImplI27AHello_return7Function_TestED1Ev
FNDA:24,_ZN7testing8internal15TestFactoryImplI27AHello_return7Function_TestED0Ev
FNDA:24,_ZN7testing8internal15TestFactoryImplI27AHello_return7Function_TestED2Ev
FNDA:24,_ZN7testing8internal15TestFactoryImplI28AHello_return7Function2_TestEC2Ev
FNDA:24,_ZN7testing8internal15TestFactoryImplI28AHello_return7Function2_TestED1Ev
FNDA:24,_ZN7testing8internal15TestFactoryImplI28AHello_return7Function2_TestED0Ev
FNDA:24,_ZN7testing8internal15TestFactoryImplI28AHello_return7Function2_TestED2Ev
FNDA:24,_ZN7testing8internal15TestFactoryImplI27AHello_return7Function_TestE10CreateTestEv
FNDA:24,_ZN7testing8internal15TestFactoryImplI28AHello_return7Function2_TestE10CreateTestEv
FNDA:144,_ZN7testing8internal12CodeLocationD1Ev
FNDA:144,_ZN7testing8internal12CodeLocationD2Ev
FNDA:48,_ZN7testing8internal12CodeLocationC1ERKNSt3__112basic_stringIcNS2_11char_traitsIcEENS2_9allocatorIcEEEEi
FNDA:48,_ZN7testing8internal12CodeLocationC2ERKNSt3__112basic_stringIcNS2_11char_traitsIcEENS2_9allocatorIcEEEEi
FNDA:192,_ZN7testing8internal19GetNotDefaultOrNullEPFvvES2_
FNDA:48,_ZN7testing8internal16SuiteApiResolverI6AHelloE19GetSetUpCaseOrSuiteEPKci
FNDA:48,_ZN7testing8internal16SuiteApiResolverI6AHelloE22GetTearDownCaseOrSuiteEPKci
FNF:24
FNH:22
DA:435,48
DA:440,48
DA:454,48
DA:461,48
DA:470,240
DA:472,48
DA:492,288
DA:493,96
DA:494,96
DA:506,192
DA:508,192
DA:521,48
DA:524,48
DA:525,48
DA:526,48
DA:527,48
DA:529,48
DA:530,0
DA:532,0
DA:534,48
DA:540,0
DA:542,48
DA:545,48
DA:546,48
DA:547,48
DA:548,48
DA:550,48
DA:551,0
DA:553,0
DA:555,48
DA:561,0
LF:31
LH:25
end_of_record
SF:/Users/oguzemrecakil/.conan/data/gtest/cci.20210126/_/_/package/8ea16b5437d767794f13beec66099d7352875d19/include/gtest/gtest-matchers.h
FN:81,_ZN7testing19MatchResultListenerC2EPNSt3__113basic_ostreamIcNS1_11char_traitsIcEEEE
FN:93,_ZN7testing19MatchResultListener6streamEv
FN:99,_ZNK7testing19MatchResultListener12IsInterestedEv
FN:107,_ZN7testing19MatchResultListenerD2Ev
FN:112,_ZN7testing25MatcherDescriberInterfaceC2Ev
FN:114,_ZN7testing25MatcherDescriberInterfaceD2Ev
FN:114,_ZN7testing25MatcherDescriberInterfaceD1Ev
FN:114,_ZN7testing25MatcherDescriberInterfaceD0Ev
FN:129,_ZNK7testing25MatcherDescriberInterface18DescribeNegationToEPNSt3__113basic_ostreamIcNS1_11char_traitsIcEEEE
FN:182,_ZNK7testing8internal5AnyEqclIijEEbRKT_RKT0_
FN:206,_ZN7testing8internal24DummyMatchResultListenerD0Ev
FN:206,_ZN7testing8internal24DummyMatchResultListenerD1Ev
FN:206,_ZN7testing8internal24DummyMatchResultListenerD2Ev
FN:208,_ZN7testing8internal24DummyMatchResultListenerC1Ev
FN:208,_ZN7testing8internal24DummyMatchResultListenerC2Ev
FN:229,_ZN7testing8internal17SharedPayloadBase5UnrefEv
FN:252,_ZNK7testing8internal11MatcherBaseIRKiE15MatchAndExplainES3_PNS_19MatchResultListenerE
FN:258,_ZNK7testing8internal11MatcherBaseIRKiE7MatchesES3_
FN:264,_ZNK7testing8internal11MatcherBaseIRKiE10DescribeToEPNSt3__113basic_ostreamIcNS5_11char_traitsIcEEEE
FN:270,_ZNK7testing8internal11MatcherBaseIRKiE18DescribeNegationToEPNSt3__113basic_ostreamIcNS5_11char_traitsIcEEEE
FN:300,_ZN7testing8internal11MatcherBaseIRKiEC2IRKNS0_9EqMatcherIjEEvEEOT_
FN:332,_ZN7testing8internal11MatcherBaseIRKiED0Ev
FN:332,_ZN7testing8internal11MatcherBaseIRKiED1Ev
FN:332,_ZN7testing8internal11MatcherBaseIRKiED2Ev
FN:346,_ZNK7testing8internal11MatcherBaseIRKiE8IsSharedEv
FN:352,_ZN7testing8internal11MatcherBaseIRKiE19MatchAndExplainImplINS4_11ValuePolicyINS0_9EqMatcherIjEELb1EEEEEDTcldtclsrT_3Getfp_E15MatchAndExplainfp0_clptfp1_6streamEEERKS4_S3_PNS_19MatchResultListenerE
FN:366,_ZN7testing8internal11MatcherBaseIRKiE12DescribeImplINS4_11ValuePolicyINS0_9EqMatcherIjEELb1EEEEEvRKS4_PNSt3__113basic_ostreamIcNSC_11char_traitsIcEEEEb
FN:376,_ZN7testing8internal11MatcherBaseIRKiE16GetDescriberImplINS4_11ValuePolicyINS0_9EqMatcherIjEELb1EEEEEPKNS_25MatcherDescriberInterfaceERKS4_
FN:392,_ZN7testing8internal11MatcherBaseIRKiE9GetVTableINS4_11ValuePolicyINS0_9EqMatcherIjEELb1EEEEEPKNS4_6VTableEv
FN:408,_ZN7testing8internal11MatcherBaseIRKiE7DestroyEv
FN:423,_ZN7testing8internal11MatcherBaseIRKiE11ValuePolicyINS0_9EqMatcherIjEELb1EE3GetERKS4_
FN:430,_ZN7testing8internal11MatcherBaseIRKiE11ValuePolicyINS0_9EqMatcherIjEELb1EE4InitERS4_S7_
FN:464,_ZN7testing8internal11MatcherBaseIRKiE4InitIRKNS0_9EqMatcherIjEEEEvOT_
FN:502,_ZN7testing7MatcherIRKiEC1IRKNS_8internal9EqMatcherIjEEvEEOT_
FN:502,_ZN7testing7MatcherIRKiEC2IRKNS_8internal9EqMatcherIjEEvEEOT_
FN:713,_ZN7testing8internal14ComparisonBaseINS0_9EqMatcherIjEEjNS0_5AnyEqEEC2ERKj
FN:718,_ZNK7testing8internal14ComparisonBaseINS0_9EqMatcherIjEEjNS0_5AnyEqEE15MatchAndExplainIiEEbRKT_PNSt3__113basic_ostreamIcNSA_11char_traitsIcEEEE
FN:721,_ZNK7testing8internal14ComparisonBaseINS0_9EqMatcherIjEEjNS0_5AnyEqEE10DescribeToEPNSt3__113basic_ostreamIcNS6_11char_traitsIcEEEE
FN:725,_ZNK7testing8internal14ComparisonBaseINS0_9EqMatcherIjEEjNS0_5AnyEqEE18DescribeNegationToEPNSt3__113basic_ostreamIcNS6_11char_traitsIcEEEE
FN:732,_ZN7testing8internal14ComparisonBaseINS0_9EqMatcherIjEEjNS0_5AnyEqEE6UnwrapIjEERKT_S9_
FN:746,_ZN7testing8internal9EqMatcherIjEC1ERKj
FN:746,_ZN7testing8internal9EqMatcherIjEC2ERKj
FN:748,_ZN7testing8internal9EqMatcherIjE4DescEv
FN:749,_ZN7testing8internal9EqMatcherIjE11NegatedDescEv
FN:878,_ZN7testing2EqIjEENS_8internal9EqMatcherIT_EES3_
FNDA:96,_ZN7testing19MatchResultListenerC2EPNSt3__113basic_ostreamIcNS1_11char_traitsIcEEEE
FNDA:144,_ZN7testing19MatchResultListener6streamEv
FNDA:24,_ZNK7testing19MatchResultListener12IsInterestedEv
FNDA:96,_ZN7testing19MatchResultListenerD2Ev
FNDA:48,_ZN7testing25MatcherDescriberInterfaceC2Ev
FNDA:48,_ZN7testing25MatcherDescriberInterfaceD2Ev
FNDA:0,_ZN7testing25MatcherDescriberInterfaceD1Ev
FNDA:0,_ZN7testing25MatcherDescriberInterfaceD0Ev
FNDA:0,_ZNK7testing25MatcherDescriberInterface18DescribeNegationToEPNSt3__113basic_ostreamIcNS1_11char_traitsIcEEEE
FNDA:72,_ZNK7testing8internal5AnyEqclIijEEbRKT_RKT0_
FNDA:48,_ZN7testing8internal24DummyMatchResultListenerD1Ev
FNDA:0,_ZN7testing8internal24DummyMatchResultListenerD0Ev
FNDA:48,_ZN7testing8internal24DummyMatchResultListenerD2Ev
FNDA:48,_ZN7testing8internal24DummyMatchResultListenerC1Ev
FNDA:48,_ZN7testing8internal24DummyMatchResultListenerC2Ev
FNDA:0,_ZN7testing8internal17SharedPayloadBase5UnrefEv
FNDA:72,_ZNK7testing8internal11MatcherBaseIRKiE15MatchAndExplainES3_PNS_19MatchResultListenerE
FNDA:48,_ZNK7testing8internal11MatcherBaseIRKiE7MatchesES3_
FNDA:24,_ZNK7testing8internal11MatcherBaseIRKiE10DescribeToEPNSt3__113basic_ostreamIcNS5_11char_traitsIcEEEE
FNDA:0,_ZNK7testing8internal11MatcherBaseIRKiE18DescribeNegationToEPNSt3__113basic_ostreamIcNS5_11char_traitsIcEEEE
FNDA:48,_ZN7testing8internal11MatcherBaseIRKiEC2IRKNS0_9EqMatcherIjEEvEEOT_
FNDA:0,_ZN7testing8internal11MatcherBaseIRKiED1Ev
FNDA:0,_ZN7testing8internal11MatcherBaseIRKiED0Ev
FNDA:48,_ZN7testing8internal11MatcherBaseIRKiED2Ev
FNDA:48,_ZNK7testing8internal11MatcherBaseIRKiE8IsSharedEv
FNDA:72,_ZN7testing8internal11MatcherBaseIRKiE19MatchAndExplainImplINS4_11ValuePolicyINS0_9EqMatcherIjEELb1EEEEEDTcldtclsrT_3Getfp_E15MatchAndExplainfp0_clptfp1_6streamEEERKS4_S3_PNS_19MatchResultListenerE
FNDA:24,_ZN7testing8internal11MatcherBaseIRKiE12DescribeImplINS4_11ValuePolicyINS0_9EqMatcherIjEELb1EEEEEvRKS4_PNSt3__113basic_ostreamIcNSC_11char_traitsIcEEEEb
FNDA:0,_ZN7testing8internal11MatcherBaseIRKiE16GetDescriberImplINS4_11ValuePolicyINS0_9EqMatcherIjEELb1EEEEEPKNS_25MatcherDescriberInterfaceERKS4_
FNDA:48,_ZN7testing8internal11MatcherBaseIRKiE9GetVTableINS4_11ValuePolicyINS0_9EqMatcherIjEELb1EEEEEPKNS4_6VTableEv
FNDA:48,_ZN7testing8internal11MatcherBaseIRKiE7DestroyEv
FNDA:96,_ZN7testing8internal11MatcherBaseIRKiE11ValuePolicyINS0_9EqMatcherIjEELb1EE3GetERKS4_
FNDA:48,_ZN7testing8internal11MatcherBaseIRKiE11ValuePolicyINS0_9EqMatcherIjEELb1EE4InitERS4_S7_
FNDA:48,_ZN7testing8internal11MatcherBaseIRKiE4InitIRKNS0_9EqMatcherIjEEEEvOT_
FNDA:48,_ZN7testing7MatcherIRKiEC1IRKNS_8internal9EqMatcherIjEEvEEOT_
FNDA:48,_ZN7testing7MatcherIRKiEC2IRKNS_8internal9EqMatcherIjEEvEEOT_
FNDA:48,_ZN7testing8internal14ComparisonBaseINS0_9EqMatcherIjEEjNS0_5AnyEqEEC2ERKj
FNDA:72,_ZNK7testing8internal14ComparisonBaseINS0_9EqMatcherIjEEjNS0_5AnyEqEE15MatchAndExplainIiEEbRKT_PNSt3__113basic_ostreamIcNSA_11char_traitsIcEEEE
FNDA:24,_ZNK7testing8internal14ComparisonBaseINS0_9EqMatcherIjEEjNS0_5AnyEqEE10DescribeToEPNSt3__113basic_ostreamIcNS6_11char_traitsIcEEEE
FNDA:0,_ZNK7testing8internal14ComparisonBaseINS0_9EqMatcherIjEEjNS0_5AnyEqEE18DescribeNegationToEPNSt3__113basic_ostreamIcNS6_11char_traitsIcEEEE
FNDA:96,_ZN7testing8internal14ComparisonBaseINS0_9EqMatcherIjEEjNS0_5AnyEqEE6UnwrapIjEERKT_S9_
FNDA:48,_ZN7testing8internal9EqMatcherIjEC1ERKj
FNDA:48,_ZN7testing8internal9EqMatcherIjEC2ERKj
FNDA:24,_ZN7testing8internal9EqMatcherIjE4DescEv
FNDA:0,_ZN7testing8internal9EqMatcherIjE11NegatedDescEv
FNDA:48,_ZN7testing2EqIjEENS_8internal9EqMatcherIT_EES3_
FNF:45
FNH:34
DA:81,96
DA:93,144
DA:99,24
DA:107,96
DA:108,96
DA:112,48
DA:114,48
DA:129,0
DA:130,0
DA:131,0
DA:132,0
DA:133,0
DA:182,72
DA:206,96
DA:208,96
DA:229,0
DA:252,72
DA:253,72
DA:254,72
DA:255,0
DA:258,48
DA:259,48
DA:260,48
DA:261,48
DA:264,24
DA:265,24
DA:266,24
DA:267,24
DA:270,0
DA:271,0
DA:272,0
DA:273,0
DA:300,48
DA:301,48
DA:302,48
DA:332,48
DA:346,48
DA:347,48
DA:352,72
DA:355,72
DA:366,24
DA:368,24
DA:369,0
DA:370,0
DA:371,24
DA:373,24
DA:376,0
DA:384,0
DA:388,0
DA:392,48
DA:396,48
DA:408,48
DA:409,48
DA:410,0
DA:411,0
DA:412,48
DA:423,96
DA:426,96
DA:427,96
DA:428,96
DA:430,48
DA:431,48
DA:432,48
DA:464,48
DA:467,48
DA:468,48
DA:469,48
DA:502,96
DA:713,48
DA:718,72
DA:719,72
DA:721,24
DA:722,24
DA:723,24
DA:724,24
DA:725,0
DA:726,0
DA:727,0
DA:728,0
DA:732,96
DA:733,96
DA:746,96
DA:747,96
DA:748,24
DA:749,0
DA:878,48
LF:86
LH:63
end_of_record
SF:/Users/oguzemrecakil/.conan/data/gtest/cci.20210126/_/_/package/8ea16b5437d767794f13beec66099d7352875d19/include/gtest/gtest-message.h
FN:91,_ZN7testing7MessageD1Ev
FN:91,_ZN7testing7MessageD2Ev
FN:113,_ZN7testing7MessagelsINSt3__112basic_stringIcNS2_11char_traitsIcEENS2_9allocatorIcEEEEEERS0_RKT_
FNDA:1392,_ZN7testing7MessageD1Ev
FNDA:1392,_ZN7testing7MessageD2Ev
FNDA:72,_ZN7testing7MessagelsINSt3__112basic_stringIcNS2_11char_traitsIcEENS2_9allocatorIcEEEEEERS0_RKT_
FNF:3
FNH:3
DA:91,2784
DA:113,72
DA:129,72
DA:130,72
LF:4
LH:4
end_of_record
SF:/Users/oguzemrecakil/.conan/data/gtest/cci.20210126/_/_/package/8ea16b5437d767794f13beec66099d7352875d19/include/gtest/internal/gtest-port.h
FN:970,_ZN7testing8internal8GTestLog9GetStreamEv
FNDA:0,_ZN7testing8internal8GTestLog9GetStreamEv
FNF:1
FNH:0
DA:970,0
LF:1
LH:0
end_of_record
SF:/Users/oguzemrecakil/.conan/data/gtest/cci.20210126/_/_/package/8ea16b5437d767794f13beec66099d7352875d19/include/gtest/gtest-printers.h
FN:212,_ZN7testing8internal52internal_stream_operator_without_lexical_name_lookup13StreamPrinter10PrintValueIjvRNSt3__113basic_ostreamIcNS4_11char_traitsIcEEEEEEvRKT_PS8_
FN:212,_ZN7testing8internal52internal_stream_operator_without_lexical_name_lookup13StreamPrinter10PrintValueIivRNSt3__113basic_ostreamIcNS4_11char_traitsIcEEEEEEvRKT_PS8_
FN:306,_ZN7testing8internal17PrintWithFallbackIjEEvRKT_PNSt3__113basic_ostreamIcNS5_11char_traitsIcEEEE
FN:306,_ZN7testing8internal17PrintWithFallbackIiEEvRKT_PNSt3__113basic_ostreamIcNS5_11char_traitsIcEEEE
FN:440,_ZN7testing8internal7PrintToIiEEvRKT_PNSt3__113basic_ostreamIcNS5_11char_traitsIcEEEE
FN:440,_ZN7testing8internal7PrintToIjEEvRKT_PNSt3__113basic_ostreamIcNS5_11char_traitsIcEEEE
FN:665,_ZN7testing8internal16UniversalPrinterIiE5PrintERKiPNSt3__113basic_ostreamIcNS5_11char_traitsIcEEEE
FN:665,_ZN7testing8internal16UniversalPrinterIjE5PrintERKjPNSt3__113basic_ostreamIcNS5_11char_traitsIcEEEE
FN:898,_ZN7testing8internal14UniversalPrintIjEEvRKT_PNSt3__113basic_ostreamIcNS5_11char_traitsIcEEEE
FN:898,_ZN7testing8internal14UniversalPrintIiEEvRKT_PNSt3__113basic_ostreamIcNS5_11char_traitsIcEEEE
FNDA:24,_ZN7testing8internal52internal_stream_operator_without_lexical_name_lookup13StreamPrinter10PrintValueIjvRNSt3__113basic_ostreamIcNS4_11char_traitsIcEEEEEEvRKT_PS8_
FNDA:24,_ZN7testing8internal52internal_stream_operator_without_lexical_name_lookup13StreamPrinter10PrintValueIivRNSt3__113basic_ostreamIcNS4_11char_traitsIcEEEEEEvRKT_PS8_
FNDA:24,_ZN7testing8internal17PrintWithFallbackIjEEvRKT_PNSt3__113basic_ostreamIcNS5_11char_traitsIcEEEE
FNDA:24,_ZN7testing8internal17PrintWithFallbackIiEEvRKT_PNSt3__113basic_ostreamIcNS5_11char_traitsIcEEEE
FNDA:24,_ZN7testing8internal7PrintToIjEEvRKT_PNSt3__113basic_ostreamIcNS5_11char_traitsIcEEEE
FNDA:24,_ZN7testing8internal7PrintToIiEEvRKT_PNSt3__113basic_ostreamIcNS5_11char_traitsIcEEEE
FNDA:24,_ZN7testing8internal16UniversalPrinterIjE5PrintERKjPNSt3__113basic_ostreamIcNS5_11char_traitsIcEEEE
FNDA:24,_ZN7testing8internal16UniversalPrinterIiE5PrintERKiPNSt3__113basic_ostreamIcNS5_11char_traitsIcEEEE
FNDA:24,_ZN7testing8internal14UniversalPrintIjEEvRKT_PNSt3__113basic_ostreamIcNS5_11char_traitsIcEEEE
FNDA:24,_ZN7testing8internal14UniversalPrintIiEEvRKT_PNSt3__113basic_ostreamIcNS5_11char_traitsIcEEEE
FNF:10
FNH:10
DA:212,48
DA:215,48
DA:216,48
DA:306,48
DA:312,48
DA:313,48
DA:440,48
DA:441,48
DA:442,48
DA:665,48
DA:674,48
DA:675,48
DA:898,48
DA:902,48
DA:903,48
LF:15
LH:15
end_of_record
SF:/Users/oguzemrecakil/.conan/data/gtest/cci.20210126/_/_/package/8ea16b5437d767794f13beec66099d7352875d19/include/gtest/internal/gtest-type-util.h
FN:55,_ZN7testing8internal31CanonicalizeForStdLibVersioningENSt3__112basic_stringIcNS1_11char_traitsIcEENS1_9allocatorIcEEEE
FN:69,_ZN7testing8internal11GetTypeNameERKSt9type_info
FN:93,_ZN7testing8internal11GetTypeNameIKiEENSt3__112basic_stringIcNS3_11char_traitsIcEENS3_9allocatorIcEEEEv
FNDA:24,_ZN7testing8internal31CanonicalizeForStdLibVersioningENSt3__112basic_stringIcNS1_11char_traitsIcEENS1_9allocatorIcEEEE
FNDA:24,_ZN7testing8internal11GetTypeNameERKSt9type_info
FNDA:24,_ZN7testing8internal11GetTypeNameIKiEENSt3__112basic_stringIcNS3_11char_traitsIcEENS3_9allocatorIcEEEEv
FNF:3
FNH:3
DA:55,24
DA:57,24
DA:58,0
DA:59,0
DA:61,0
DA:62,0
DA:63,0
DA:64,24
DA:69,24
DA:70,24
DA:72,24
DA:78,24
DA:79,24
DA:80,24
DA:81,24
DA:85,24
DA:93,24
DA:95,24
LF:18
LH:13
end_of_record
SF:/Users/oguzemrecakil/.conan/data/gtest/cci.20210126/_/_/package/8ea16b5437d767794f13beec66099d7352875d19/include/gtest/gtest.h
FN:283,_ZN7testing15AssertionResultD1Ev
FN:283,_ZN7testing15AssertionResultD2Ev
FN:324,_ZNK7testing15AssertionResultcvbEv
FN:333,_ZNK7testing15AssertionResult7messageEv
FN:337,_ZNK7testing15AssertionResult15failure_messageEv
FN:340,_ZN7testing15AssertionResultlsINSt3__112basic_stringIcNS2_11char_traitsIcEENS2_9allocatorIcEEEEEERS0_RKT_
FN:355,_ZN7testing15AssertionResult13AppendMessageERKNS_7MessageE
FN:427,_ZN7testing4Test14SetUpTestSuiteEv
FN:435,_ZN7testing4Test17TearDownTestSuiteEv
FN:440,_ZN7testing4Test16TearDownTestCaseEv
FN:441,_ZN7testing4Test13SetUpTestCaseEv
FN:522,_ZN7testing4Test5SetupEv
FNDA:72,_ZN7testing15AssertionResultD1Ev
FNDA:72,_ZN7testing15AssertionResultD2Ev
FNDA:48,_ZNK7testing15AssertionResultcvbEv
FNDA:24,_ZNK7testing15AssertionResult7messageEv
FNDA:24,_ZNK7testing15AssertionResult15failure_messageEv
FNDA:24,_ZN7testing15AssertionResultlsINSt3__112basic_stringIcNS2_11char_traitsIcEENS2_9allocatorIcEEEEEERS0_RKT_
FNDA:24,_ZN7testing15AssertionResult13AppendMessageERKNS_7MessageE
FNDA:0,_ZN7testing4Test14SetUpTestSuiteEv
FNDA:0,_ZN7testing4Test17TearDownTestSuiteEv
FNDA:0,_ZN7testing4Test16TearDownTestCaseEv
FNDA:0,_ZN7testing4Test13SetUpTestCaseEv
FNDA:0,_ZN7testing4Test5SetupEv
FNF:12
FNH:7
DA:283,144
DA:324,48
DA:333,24
DA:334,24
DA:337,24
DA:340,24
DA:341,24
DA:342,24
DA:343,0
DA:355,24
DA:356,24
DA:357,24
DA:358,24
DA:427,0
DA:435,0
DA:440,0
DA:441,0
DA:522,0
LF:18
LH:12
end_of_record
SF:/Users/oguzemrecakil/Desktop/HelloWorld/unittest/hello_test.cpp
FN:7,_ZN6AHelloD2Ev
FN:7,_ZN6AHelloC2Ev
FN:7,_ZN6AHelloD0Ev
FN:7,_ZN6AHelloD1Ev
FN:13,_ZN27AHello_return7Function_TestD2Ev
FN:13,_ZN27AHello_return7Function_Test8TestBodyEv
FN:13,__cxx_global_var_init
FN:13,_ZN27AHello_return7Function_TestD1Ev
FN:13,_ZN27AHello_return7Function_TestD0Ev
FN:13,_ZN27AHello_return7Function_TestC1Ev
FN:13,_ZN27AHello_return7Function_TestC2Ev
FN:16,_ZN28AHello_return7Function2_TestC1Ev
FN:16,_ZN28AHello_return7Function2_Test8TestBodyEv
FN:16,_ZN28AHello_return7Function2_TestC2Ev
FN:16,__cxx_global_var_init.4
FN:16,_ZN28AHello_return7Function2_TestD2Ev
FN:16,_ZN28AHello_return7Function2_TestD0Ev
FN:16,_ZN28AHello_return7Function2_TestD1Ev
FNDA:48,_ZN6AHelloC2Ev
FNDA:0,_ZN6AHelloD1Ev
FNDA:0,_ZN6AHelloD0Ev
FNDA:48,_ZN6AHelloD2Ev
FNDA:24,__cxx_global_var_init
FNDA:24,_ZN27AHello_return7Function_Test8TestBodyEv
FNDA:24,_ZN27AHello_return7Function_TestD1Ev
FNDA:24,_ZN27AHello_return7Function_TestD0Ev
FNDA:24,_ZN27AHello_return7Function_TestC1Ev
FNDA:24,_ZN27AHello_return7Function_TestC2Ev
FNDA:24,_ZN27AHello_return7Function_TestD2Ev
FNDA:24,__cxx_global_var_init.4
FNDA:24,_ZN28AHello_return7Function2_Test8TestBodyEv
FNDA:24,_ZN28AHello_return7Function2_TestD1Ev
FNDA:24,_ZN28AHello_return7Function2_TestD0Ev
FNDA:24,_ZN28AHello_return7Function2_TestC1Ev
FNDA:24,_ZN28AHello_return7Function2_TestC2Ev
FNDA:24,_ZN28AHello_return7Function2_TestD2Ev
FNF:18
FNH:16
DA:7,96
DA:13,168
DA:14,24
DA:15,24
DA:16,168
DA:17,24
DA:18,24
LF:7
LH:7
end_of_record
SF:/Library/Developer/CommandLineTools/usr/include/c++/v1/ios
FN:344,_ZNSt3__18ios_baseC2Ev
FN:348,_ZNKSt3__18ios_base5rdbufEv
FN:458,_ZNKSt3__18ios_base5flagsEv
FN:520,_ZNKSt3__18ios_base5widthEv
FN:527,_ZNSt3__18ios_base5widthEl
FN:545,_ZNSt3__18ios_base8setstateEj
FN:632,_ZNSt3__19basic_iosIcNS_11char_traitsIcEEE8setstateEj
FN:674,_ZNSt3__19basic_iosIcNS_11char_traitsIcEEEC2Ev
FN:709,_ZNSt3__19basic_iosIcNS_11char_traitsIcEEE4initEPNS_15basic_streambufIcS2_EE
FN:737,_ZNKSt3__19basic_iosIcNS_11char_traitsIcEEE5rdbufEv
FN:775,_ZNKSt3__19basic_iosIcNS_11char_traitsIcEEE5widenEc
FN:783,_ZNKSt3__19basic_iosIcNS_11char_traitsIcEEE4fillEv
FNDA:72,_ZNSt3__18ios_baseC2Ev
FNDA:10320,_ZNKSt3__18ios_base5rdbufEv
FNDA:10320,_ZNKSt3__18ios_base5flagsEv
FNDA:10320,_ZNKSt3__18ios_base5widthEv
FNDA:10320,_ZNSt3__18ios_base5widthEl
FNDA:0,_ZNSt3__18ios_base8setstateEj
FNDA:0,_ZNSt3__19basic_iosIcNS_11char_traitsIcEEE8setstateEj
FNDA:72,_ZNSt3__19basic_iosIcNS_11char_traitsIcEEEC2Ev
FNDA:72,_ZNSt3__19basic_iosIcNS_11char_traitsIcEEE4initEPNS_15basic_streambufIcS2_EE
FNDA:10320,_ZNKSt3__19basic_iosIcNS_11char_traitsIcEEE5rdbufEv
FNDA:1080,_ZNKSt3__19basic_iosIcNS_11char_traitsIcEEE5widenEc
FNDA:10320,_ZNKSt3__19basic_iosIcNS_11char_traitsIcEEE4fillEv
FNF:12
FNH:10
DA:344,72
DA:345,72
DA:348,10320
DA:458,10320
DA:460,10320
DA:520,10320
DA:522,10320
DA:527,10320
DA:529,10320
DA:530,10320
DA:531,10320
DA:545,0
DA:547,0
DA:548,0
DA:632,0
DA:674,72
DA:675,72
DA:709,72
DA:711,72
DA:712,72
DA:713,72
DA:714,72
DA:737,10320
DA:739,10320
DA:775,1080
DA:777,1080
DA:778,0
DA:783,10320
DA:785,10320
DA:786,1080
DA:787,10320
LF:31
LH:26
end_of_record
SF:/Library/Developer/CommandLineTools/usr/include/c++/v1/iosfwd
FN:130,_ZNSt3__115basic_stringbufIcNS_11char_traitsIcEENS_9allocatorIcEEED2Ev
FN:130,_ZNSt3__115basic_stringbufIcNS_11char_traitsIcEENS_9allocatorIcEEED1Ev
FN:130,_ZNSt3__115basic_stringbufIcNS_11char_traitsIcEENS_9allocatorIcEEED0Ev
FN:139,_ZNSt3__118basic_stringstreamIcNS_11char_traitsIcEENS_9allocatorIcEEED2Ev
FN:139,_ZNSt3__118basic_stringstreamIcNS_11char_traitsIcEENS_9allocatorIcEEED0Ev
FN:139,_ZNSt3__118basic_stringstreamIcNS_11char_traitsIcEENS_9allocatorIcEEED1Ev
FNDA:1464,_ZNSt3__115basic_stringbufIcNS_11char_traitsIcEENS_9allocatorIcEEED1Ev
FNDA:0,_ZNSt3__115basic_stringbufIcNS_11char_traitsIcEENS_9allocatorIcEEED0Ev
FNDA:1464,_ZNSt3__115basic_stringbufIcNS_11char_traitsIcEENS_9allocatorIcEEED2Ev
FNDA:1464,_ZNSt3__118basic_stringstreamIcNS_11char_traitsIcEENS_9allocatorIcEEED1Ev
FNDA:1392,_ZNSt3__118basic_stringstreamIcNS_11char_traitsIcEENS_9allocatorIcEEED0Ev
FNDA:1464,_ZNSt3__118basic_stringstreamIcNS_11char_traitsIcEENS_9allocatorIcEEED2Ev
FNF:6
FNH:5
DA:130,2928
DA:139,4320
LF:2
LH:2
end_of_record
SF:/Library/Developer/CommandLineTools/usr/include/c++/v1/istream
FN:190,_ZNSt3__113basic_istreamIcNS_11char_traitsIcEEEC2EPNS_15basic_streambufIcS2_EE
FN:1407,_ZNSt3__114basic_iostreamIcNS_11char_traitsIcEEEC2EPNS_15basic_streambufIcS2_EE
FNDA:72,_ZNSt3__113basic_istreamIcNS_11char_traitsIcEEEC2EPNS_15basic_streambufIcS2_EE
FNDA:72,_ZNSt3__114basic_iostreamIcNS_11char_traitsIcEEEC2EPNS_15basic_streambufIcS2_EE
FNF:2
FNH:2
DA:190,72
DA:191,144
DA:1407,72
DA:1408,72
DA:1409,144
LF:5
LH:5
end_of_record
SF:/Library/Developer/CommandLineTools/usr/include/c++/v1/iterator
FN:690,_ZNSt3__1L10__distanceIPcEENS_15iterator_traitsIT_E15difference_typeES3_S3_NS_26random_access_iterator_tagE
FN:698,_ZNSt3__1L8distanceIPcEENS_15iterator_traitsIT_E15difference_typeES3_S3_
FN:1162,_ZNSt3__119ostreambuf_iteratorIcNS_11char_traitsIcEEEC2ERNS_13basic_ostreamIcS2_EE
FN:1162,_ZNSt3__119ostreambuf_iteratorIcNS_11char_traitsIcEEEC1ERNS_13basic_ostreamIcS2_EE
FN:1175,_ZNKSt3__119ostreambuf_iteratorIcNS_11char_traitsIcEEE6failedEv
FNDA:1464,_ZNSt3__1L10__distanceIPcEENS_15iterator_traitsIT_E15difference_typeES3_S3_NS_26random_access_iterator_tagE
FNDA:1464,_ZNSt3__1L8distanceIPcEENS_15iterator_traitsIT_E15difference_typeES3_S3_
FNDA:10320,_ZNSt3__119ostreambuf_iteratorIcNS_11char_traitsIcEEEC1ERNS_13basic_ostreamIcS2_EE
FNDA:10320,_ZNSt3__119ostreambuf_iteratorIcNS_11char_traitsIcEEEC2ERNS_13basic_ostreamIcS2_EE
FNDA:10320,_ZNKSt3__119ostreambuf_iteratorIcNS_11char_traitsIcEEE6failedEv
FNF:5
FNH:5
DA:690,1464
DA:692,1464
DA:698,1464
DA:700,1464
DA:1162,20640
DA:1163,20640
DA:1175,10320
LF:7
LH:7
end_of_record
SF:/Library/Developer/CommandLineTools/usr/include/c++/v1/locale
FN:1378,_ZNSt3__116__pad_and_outputIcNS_11char_traitsIcEEEENS_19ostreambuf_iteratorIT_T0_EES6_PKS4_S8_S8_RNS_8ios_baseES4_
FNDA:10320,_ZNSt3__116__pad_and_outputIcNS_11char_traitsIcEEEENS_19ostreambuf_iteratorIT_T0_EES6_PKS4_S8_S8_RNS_8ios_baseES4_
FNF:1
FNH:1
DA:1378,10320
DA:1382,10320
DA:1383,0
DA:1384,10320
DA:1385,10320
DA:1386,10320
DA:1387,0
DA:1389,10320
DA:1390,10320
DA:1391,10320
DA:1393,0
DA:1395,0
DA:1396,0
DA:1398,0
DA:1399,10320
DA:1401,0
DA:1402,0
DA:1404,0
DA:1405,0
DA:1407,0
DA:1408,10320
DA:1409,10320
DA:1411,10320
DA:1413,0
DA:1414,0
DA:1416,10320
DA:1417,10320
DA:1418,10320
DA:1419,10320
LF:29
LH:16
end_of_record
SF:/Library/Developer/CommandLineTools/usr/include/c++/v1/memory
FN:991,_ZNSt3__114pointer_traitsIPcE10pointer_toERc
FN:991,_ZNSt3__114pointer_traitsIPKcE10pointer_toERS1_
FN:1126,_ZNSt3__1L12__to_addressIKcEEPT_S3_
FN:1585,_ZNSt3__116allocator_traitsINS_9allocatorIcEEE8allocateERS2_m
FN:1638,_ZNSt3__116allocator_traitsINS_9allocatorIcEEE8max_sizeERKS2_
FN:1807,_ZNSt3__116allocator_traitsINS_9allocatorIcEEE10__max_sizeENS_17integral_constantIbLb1EEERKS2_
FN:1853,_ZNSt3__19allocatorIcEC2Ev
FN:1864,_ZNSt3__19allocatorIcE8allocateEmPKv
FN:1873,_ZNKSt3__19allocatorIcE8max_sizeEv
FN:2199,_ZNSt3__122__compressed_pair_elemINS_12basic_stringIcNS_11char_traitsIcEENS_9allocatorIcEEE5__repELi0ELb0EEC2ENS_18__default_init_tagE
FN:2223,_ZNSt3__122__compressed_pair_elemIPNS_18basic_stringstreamIcNS_11char_traitsIcEENS_9allocatorIcEEEELi0ELb0EE5__getEv
FN:2223,_ZNSt3__122__compressed_pair_elemIPNS_12basic_stringIcNS_11char_traitsIcEENS_9allocatorIcEEEELi0ELb0EE5__getEv
FN:2223,_ZNSt3__122__compressed_pair_elemINS_12basic_stringIcNS_11char_traitsIcEENS_9allocatorIcEEE5__repELi0ELb0EE5__getEv
FN:2225,_ZNKSt3__122__compressed_pair_elemINS_12basic_stringIcNS_11char_traitsIcEENS_9allocatorIcEEE5__repELi0ELb0EE5__getEv
FN:2225,_ZNKSt3__122__compressed_pair_elemIPNS_12basic_stringIcNS_11char_traitsIcEENS_9allocatorIcEEEELi0ELb0EE5__getEv
FN:2225,_ZNKSt3__122__compressed_pair_elemIPNS_18basic_stringstreamIcNS_11char_traitsIcEENS_9allocatorIcEEEELi0ELb0EE5__getEv
FN:2240,_ZNSt3__122__compressed_pair_elemINS_9allocatorIcEELi1ELb1EEC2ENS_18__default_init_tagE
FN:2249,_ZNSt3__122__compressed_pair_elemINS_9allocatorIcEELi1ELb1EEC2IRKS2_vEEOT_
FN:2261,_ZNSt3__122__compressed_pair_elemINS_14default_deleteINS_12basic_stringIcNS_11char_traitsIcEENS_9allocatorIcEEEEEELi1ELb1EE5__getEv
FN:2261,_ZNSt3__122__compressed_pair_elemINS_9allocatorIcEELi1ELb1EE5__getEv
FN:2261,_ZNSt3__122__compressed_pair_elemINS_14default_deleteINS_18basic_stringstreamIcNS_11char_traitsIcEENS_9allocatorIcEEEEEELi1ELb1EE5__getEv
FN:2263,_ZNKSt3__122__compressed_pair_elemINS_9allocatorIcEELi1ELb1EE5__getEv
FN:2293,_ZNSt3__117__compressed_pairINS_12basic_stringIcNS_11char_traitsIcEENS_9allocatorIcEEE5__repES5_EC2INS_18__default_init_tagERKS5_EEOT_OT0_
FN:2293,_ZNSt3__117__compressed_pairINS_12basic_stringIcNS_11char_traitsIcEENS_9allocatorIcEEE5__repES5_EC1INS_18__default_init_tagERKS5_EEOT_OT0_
FN:2293,_ZNSt3__117__compressed_pairINS_12basic_stringIcNS_11char_traitsIcEENS_9allocatorIcEEE5__repES5_EC2INS_18__default_init_tagESA_EEOT_OT0_
FN:2293,_ZNSt3__117__compressed_pairINS_12basic_stringIcNS_11char_traitsIcEENS_9allocatorIcEEE5__repES5_EC1INS_18__default_init_tagESA_EEOT_OT0_
FN:2308,_ZNSt3__117__compressed_pairIPNS_18basic_stringstreamIcNS_11char_traitsIcEENS_9allocatorIcEEEENS_14default_deleteIS6_EEE5firstEv
FN:2308,_ZNSt3__117__compressed_pairIPNS_12basic_stringIcNS_11char_traitsIcEENS_9allocatorIcEEEENS_14default_deleteIS6_EEE5firstEv
FN:2308,_ZNSt3__117__compressed_pairINS_12basic_stringIcNS_11char_traitsIcEENS_9allocatorIcEEE5__repES5_E5firstEv
FN:2313,_ZNKSt3__117__compressed_pairIPNS_12basic_stringIcNS_11char_traitsIcEENS_9allocatorIcEEEENS_14default_deleteIS6_EEE5firstEv
FN:2313,_ZNKSt3__117__compressed_pairIPNS_18basic_stringstreamIcNS_11char_traitsIcEENS_9allocatorIcEEEENS_14default_deleteIS6_EEE5firstEv
FN:2313,_ZNKSt3__117__compressed_pairINS_12basic_stringIcNS_11char_traitsIcEENS_9allocatorIcEEE5__repES5_E5firstEv
FN:2318,_ZNSt3__117__compressed_pairIPNS_12basic_stringIcNS_11char_traitsIcEENS_9allocatorIcEEEENS_14default_deleteIS6_EEE6secondEv
FN:2318,_ZNSt3__117__compressed_pairINS_12basic_stringIcNS_11char_traitsIcEENS_9allocatorIcEEE5__repES5_E6secondEv
FN:2318,_ZNSt3__117__compressed_pairIPNS_18basic_stringstreamIcNS_11char_traitsIcEENS_9allocatorIcEEEENS_14default_deleteIS6_EEE6secondEv
FN:2323,_ZNKSt3__117__compressed_pairINS_12basic_stringIcNS_11char_traitsIcEENS_9allocatorIcEEE5__repES5_E6secondEv
FN:2363,_ZNKSt3__114default_deleteINS_18basic_stringstreamIcNS_11char_traitsIcEENS_9allocatorIcEEEEEclEPS6_
FN:2363,_ZNKSt3__114default_deleteINS_12basic_stringIcNS_11char_traitsIcEENS_9allocatorIcEEEEEclEPS6_
FN:2577,_ZNSt3__110unique_ptrINS_18basic_stringstreamIcNS_11char_traitsIcEENS_9allocatorIcEEEENS_14default_deleteIS6_EEED1Ev
FN:2577,_ZNSt3__110unique_ptrINS_12basic_stringIcNS_11char_traitsIcEENS_9allocatorIcEEEENS_14default_deleteIS6_EEED2Ev
FN:2577,_ZNSt3__110unique_ptrINS_12basic_stringIcNS_11char_traitsIcEENS_9allocatorIcEEEENS_14default_deleteIS6_EEED1Ev
FN:2577,_ZNSt3__110unique_ptrINS_18basic_stringstreamIcNS_11char_traitsIcEENS_9allocatorIcEEEENS_14default_deleteIS6_EEED2Ev
FN:2587,_ZNKSt3__110unique_ptrINS_18basic_stringstreamIcNS_11char_traitsIcEENS_9allocatorIcEEEENS_14default_deleteIS6_EEEdeEv
FN:2591,_ZNKSt3__110unique_ptrINS_12basic_stringIcNS_11char_traitsIcEENS_9allocatorIcEEEENS_14default_deleteIS6_EEEptEv
FN:2595,_ZNKSt3__110unique_ptrINS_12basic_stringIcNS_11char_traitsIcEENS_9allocatorIcEEEENS_14default_deleteIS6_EEE3getEv
FN:2619,_ZNSt3__110unique_ptrINS_18basic_stringstreamIcNS_11char_traitsIcEENS_9allocatorIcEEEENS_14default_deleteIS6_EEE5resetEPS6_
FN:2619,_ZNSt3__110unique_ptrINS_12basic_stringIcNS_11char_traitsIcEENS_9allocatorIcEEEENS_14default_deleteIS6_EEE5resetEPS6_
FNDA:2880,_ZNSt3__114pointer_traitsIPKcE10pointer_toERS1_
FNDA:1152,_ZNSt3__114pointer_traitsIPcE10pointer_toERc
FNDA:3912,_ZNSt3__1L12__to_addressIKcEEPT_S3_
FNDA:312,_ZNSt3__116allocator_traitsINS_9allocatorIcEEE8allocateERS2_m
FNDA:1464,_ZNSt3__116allocator_traitsINS_9allocatorIcEEE8max_sizeERKS2_
FNDA:1464,_ZNSt3__116allocator_traitsINS_9allocatorIcEEE10__max_sizeENS_17integral_constantIbLb1EEERKS2_
FNDA:168,_ZNSt3__19allocatorIcEC2Ev
FNDA:312,_ZNSt3__19allocatorIcE8allocateEmPKv
FNDA:1776,_ZNKSt3__19allocatorIcE8max_sizeEv
FNDA:1632,_ZNSt3__122__compressed_pair_elemINS_12basic_stringIcNS_11char_traitsIcEENS_9allocatorIcEEE5__repELi0ELb0EEC2ENS_18__default_init_tagE
FNDA:2784,_ZNSt3__122__compressed_pair_elemIPNS_18basic_stringstreamIcNS_11char_traitsIcEENS_9allocatorIcEEEELi0ELb0EE5__getEv
FNDA:192,_ZNSt3__122__compressed_pair_elemIPNS_12basic_stringIcNS_11char_traitsIcEENS_9allocatorIcEEEELi0ELb0EE5__getEv
FNDA:3360,_ZNSt3__122__compressed_pair_elemINS_12basic_stringIcNS_11char_traitsIcEENS_9allocatorIcEEE5__repELi0ELb0EE5__getEv
FNDA:96,_ZNKSt3__122__compressed_pair_elemIPNS_12basic_stringIcNS_11char_traitsIcEENS_9allocatorIcEEEELi0ELb0EE5__getEv
FNDA:14232,_ZNKSt3__122__compressed_pair_elemINS_12basic_stringIcNS_11char_traitsIcEENS_9allocatorIcEEE5__repELi0ELb0EE5__getEv
FNDA:72,_ZNKSt3__122__compressed_pair_elemIPNS_18basic_stringstreamIcNS_11char_traitsIcEENS_9allocatorIcEEEELi0ELb0EE5__getEv
FNDA:168,_ZNSt3__122__compressed_pair_elemINS_9allocatorIcEELi1ELb1EEC2ENS_18__default_init_tagE
FNDA:1464,_ZNSt3__122__compressed_pair_elemINS_9allocatorIcEELi1ELb1EEC2IRKS2_vEEOT_
FNDA:1392,_ZNSt3__122__compressed_pair_elemINS_14default_deleteINS_18basic_stringstreamIcNS_11char_traitsIcEENS_9allocatorIcEEEEEELi1ELb1EE5__getEv
FNDA:48,_ZNSt3__122__compressed_pair_elemINS_14default_deleteINS_12basic_stringIcNS_11char_traitsIcEENS_9allocatorIcEEEEEELi1ELb1EE5__getEv
FNDA:312,_ZNSt3__122__compressed_pair_elemINS_9allocatorIcEELi1ELb1EE5__getEv
FNDA:2928,_ZNKSt3__122__compressed_pair_elemINS_9allocatorIcEELi1ELb1EE5__getEv
FNDA:168,_ZNSt3__117__compressed_pairINS_12basic_stringIcNS_11char_traitsIcEENS_9allocatorIcEEE5__repES5_EC1INS_18__default_init_tagESA_EEOT_OT0_
FNDA:168,_ZNSt3__117__compressed_pairINS_12basic_stringIcNS_11char_traitsIcEENS_9allocatorIcEEE5__repES5_EC2INS_18__default_init_tagESA_EEOT_OT0_
FNDA:1464,_ZNSt3__117__compressed_pairINS_12basic_stringIcNS_11char_traitsIcEENS_9allocatorIcEEE5__repES5_EC1INS_18__default_init_tagERKS5_EEOT_OT0_
FNDA:1464,_ZNSt3__117__compressed_pairINS_12basic_stringIcNS_11char_traitsIcEENS_9allocatorIcEEE5__repES5_EC2INS_18__default_init_tagERKS5_EEOT_OT0_
FNDA:2784,_ZNSt3__117__compressed_pairIPNS_18basic_stringstreamIcNS_11char_traitsIcEENS_9allocatorIcEEEENS_14default_deleteIS6_EEE5firstEv
FNDA:192,_ZNSt3__117__compressed_pairIPNS_12basic_stringIcNS_11char_traitsIcEENS_9allocatorIcEEEENS_14default_deleteIS6_EEE5firstEv
FNDA:3360,_ZNSt3__117__compressed_pairINS_12basic_stringIcNS_11char_traitsIcEENS_9allocatorIcEEE5__repES5_E5firstEv
FNDA:96,_ZNKSt3__117__compressed_pairIPNS_12basic_stringIcNS_11char_traitsIcEENS_9allocatorIcEEEENS_14default_deleteIS6_EEE5firstEv
FNDA:14232,_ZNKSt3__117__compressed_pairINS_12basic_stringIcNS_11char_traitsIcEENS_9allocatorIcEEE5__repES5_E5firstEv
FNDA:72,_ZNKSt3__117__compressed_pairIPNS_18basic_stringstreamIcNS_11char_traitsIcEENS_9allocatorIcEEEENS_14default_deleteIS6_EEE5firstEv
FNDA:1392,_ZNSt3__117__compressed_pairIPNS_18basic_stringstreamIcNS_11char_traitsIcEENS_9allocatorIcEEEENS_14default_deleteIS6_EEE6secondEv
FNDA:48,_ZNSt3__117__compressed_pairIPNS_12basic_stringIcNS_11char_traitsIcEENS_9allocatorIcEEEENS_14default_deleteIS6_EEE6secondEv
FNDA:312,_ZNSt3__117__compressed_pairINS_12basic_stringIcNS_11char_traitsIcEENS_9allocatorIcEEE5__repES5_E6secondEv
FNDA:2928,_ZNKSt3__117__compressed_pairINS_12basic_stringIcNS_11char_traitsIcEENS_9allocatorIcEEE5__repES5_E6secondEv
FNDA:1392,_ZNKSt3__114default_deleteINS_18basic_stringstreamIcNS_11char_traitsIcEENS_9allocatorIcEEEEEclEPS6_
FNDA:48,_ZNKSt3__114default_deleteINS_12basic_stringIcNS_11char_traitsIcEENS_9allocatorIcEEEEEclEPS6_
FNDA:1392,_ZNSt3__110unique_ptrINS_18basic_stringstreamIcNS_11char_traitsIcEENS_9allocatorIcEEEENS_14default_deleteIS6_EEED1Ev
FNDA:1392,_ZNSt3__110unique_ptrINS_18basic_stringstreamIcNS_11char_traitsIcEENS_9allocatorIcEEEENS_14default_deleteIS6_EEED2Ev
FNDA:72,_ZNSt3__110unique_ptrINS_12basic_stringIcNS_11char_traitsIcEENS_9allocatorIcEEEENS_14default_deleteIS6_EEED1Ev
FNDA:72,_ZNSt3__110unique_ptrINS_12basic_stringIcNS_11char_traitsIcEENS_9allocatorIcEEEENS_14default_deleteIS6_EEED2Ev
FNDA:72,_ZNKSt3__110unique_ptrINS_18basic_stringstreamIcNS_11char_traitsIcEENS_9allocatorIcEEEENS_14default_deleteIS6_EEEdeEv
FNDA:48,_ZNKSt3__110unique_ptrINS_12basic_stringIcNS_11char_traitsIcEENS_9allocatorIcEEEENS_14default_deleteIS6_EEEptEv
FNDA:48,_ZNKSt3__110unique_ptrINS_12basic_stringIcNS_11char_traitsIcEENS_9allocatorIcEEEENS_14default_deleteIS6_EEE3getEv
FNDA:1392,_ZNSt3__110unique_ptrINS_18basic_stringstreamIcNS_11char_traitsIcEENS_9allocatorIcEEEENS_14default_deleteIS6_EEE5resetEPS6_
FNDA:96,_ZNSt3__110unique_ptrINS_12basic_stringIcNS_11char_traitsIcEENS_9allocatorIcEEEENS_14default_deleteIS6_EEE5resetEPS6_
FNF:47
FNH:47
DA:991,4032
DA:993,4032
DA:1126,3912
DA:1129,3912
DA:1585,312
DA:1586,312
DA:1638,1464
DA:1639,1464
DA:1807,1464
DA:1808,1464
DA:1853,168
DA:1864,312
DA:1866,312
DA:1867,0
DA:1869,312
DA:1873,1776
DA:1874,1776
DA:2199,1632
DA:2223,6336
DA:2225,14400
DA:2240,168
DA:2249,1464
DA:2250,1464
DA:2251,2928
DA:2261,1752
DA:2263,2928
DA:2293,3264
DA:2294,3264
DA:2308,6336
DA:2309,6336
DA:2313,14400
DA:2314,14400
DA:2318,1752
DA:2319,1752
DA:2323,2928
DA:2324,2928
DA:2363,1440
DA:2368,1440
DA:2369,1440
DA:2577,2928
DA:2587,72
DA:2588,72
DA:2591,48
DA:2592,48
DA:2595,48
DA:2596,48
DA:2619,1488
DA:2620,1488
DA:2621,1488
DA:2622,1488
DA:2623,1440
DA:2624,1488
LF:52
LH:51
end_of_record
SF:/Library/Developer/CommandLineTools/usr/include/c++/v1/new
FN:237,_ZNSt3__1L17__libcpp_allocateEmm
FNDA:312,_ZNSt3__1L17__libcpp_allocateEmm
FNF:1
FNH:1
DA:237,312
DA:253,312
LF:2
LH:2
end_of_record
SF:/Library/Developer/CommandLineTools/usr/include/c++/v1/ostream
FN:241,_ZNSt3__113basic_ostreamIcNS_11char_traitsIcEEEC2Ev
FN:259,_ZNKSt3__113basic_ostreamIcNS_11char_traitsIcEEE6sentrycvbEv
FN:719,_ZNSt3__124__put_character_sequenceIcNS_11char_traitsIcEEEERNS_13basic_ostreamIT_T0_EES7_PKS4_m
FN:867,_ZNSt3__1lsINS_11char_traitsIcEEEERNS_13basic_ostreamIcT_EES6_PKc
FN:1049,_ZNSt3__1lsIcNS_11char_traitsIcEENS_9allocatorIcEEEERNS_13basic_ostreamIT_T0_EES9_RKNS_12basic_stringIS6_S7_T1_EE
FNDA:72,_ZNSt3__113basic_ostreamIcNS_11char_traitsIcEEEC2Ev
FNDA:10320,_ZNKSt3__113basic_ostreamIcNS_11char_traitsIcEEE6sentrycvbEv
FNDA:10320,_ZNSt3__124__put_character_sequenceIcNS_11char_traitsIcEEEERNS_13basic_ostreamIT_T0_EES7_PKS4_m
FNDA:1272,_ZNSt3__1lsINS_11char_traitsIcEEEERNS_13basic_ostreamIcT_EES6_PKc
FNDA:120,_ZNSt3__1lsIcNS_11char_traitsIcEENS_9allocatorIcEEEERNS_13basic_ostreamIT_T0_EES9_RKNS_12basic_stringIS6_S7_T1_EE
FNF:5
FNH:5
DA:241,72
DA:259,10320
DA:719,10320
DA:726,10320
DA:727,10320
DA:730,20640
DA:731,10320
DA:732,10320
DA:733,0
DA:734,10320
DA:735,10320
DA:736,10320
DA:737,20640
DA:738,0
DA:739,10320
DA:741,10320
DA:744,0
DA:745,0
DA:747,10320
DA:748,0
DA:867,1272
DA:869,1272
DA:1049,120
DA:1052,120
LF:24
LH:19
end_of_record
SF:/Library/Developer/CommandLineTools/usr/include/c++/v1/sstream
FN:241,_ZNSt3__115basic_stringbufIcNS_11char_traitsIcEENS_9allocatorIcEEEC1Ej
FN:241,_ZNSt3__115basic_stringbufIcNS_11char_traitsIcEENS_9allocatorIcEEEC2Ej
FN:438,_ZNKSt3__115basic_stringbufIcNS_11char_traitsIcEENS_9allocatorIcEEE3strEv
FN:486,_ZNSt3__115basic_stringbufIcNS_11char_traitsIcEENS_9allocatorIcEEE9underflowEv
FN:502,_ZNSt3__115basic_stringbufIcNS_11char_traitsIcEENS_9allocatorIcEEE9pbackfailEi
FN:526,_ZNSt3__115basic_stringbufIcNS_11char_traitsIcEENS_9allocatorIcEEE8overflowEi
FN:568,_ZNSt3__115basic_stringbufIcNS_11char_traitsIcEENS_9allocatorIcEEE7seekoffExNS_8ios_base7seekdirEj
FN:620,_ZNSt3__115basic_stringbufIcNS_11char_traitsIcEENS_9allocatorIcEEE7seekposENS_4fposI11__mbstate_tEEj
FN:908,_ZNSt3__118basic_stringstreamIcNS_11char_traitsIcEENS_9allocatorIcEEEC1Ej
FN:969,_ZNKSt3__118basic_stringstreamIcNS_11char_traitsIcEENS_9allocatorIcEEE3strEv
FNDA:72,_ZNSt3__115basic_stringbufIcNS_11char_traitsIcEENS_9allocatorIcEEEC1Ej
FNDA:72,_ZNSt3__115basic_stringbufIcNS_11char_traitsIcEENS_9allocatorIcEEEC2Ej
FNDA:1464,_ZNKSt3__115basic_stringbufIcNS_11char_traitsIcEENS_9allocatorIcEEE3strEv
FNDA:0,_ZNSt3__115basic_stringbufIcNS_11char_traitsIcEENS_9allocatorIcEEE9underflowEv
FNDA:0,_ZNSt3__115basic_stringbufIcNS_11char_traitsIcEENS_9allocatorIcEEE9pbackfailEi
FNDA:1872,_ZNSt3__115basic_stringbufIcNS_11char_traitsIcEENS_9allocatorIcEEE8overflowEi
FNDA:0,_ZNSt3__115basic_stringbufIcNS_11char_traitsIcEENS_9allocatorIcEEE7seekoffExNS_8ios_base7seekdirEj
FNDA:0,_ZNSt3__115basic_stringbufIcNS_11char_traitsIcEENS_9allocatorIcEEE7seekposENS_4fposI11__mbstate_tEEj
FNDA:72,_ZNSt3__118basic_stringstreamIcNS_11char_traitsIcEENS_9allocatorIcEEEC1Ej
FNDA:72,_ZNKSt3__118basic_stringstreamIcNS_11char_traitsIcEENS_9allocatorIcEEE3strEv
FNF:10
FNH:6
DA:212,144
DA:241,144
DA:242,72
DA:243,72
DA:244,216
DA:245,144
DA:438,1464
DA:440,1464
DA:442,1464
DA:443,1086
DA:444,1464
DA:446,0
DA:447,0
DA:448,0
DA:449,1464
DA:486,0
DA:488,0
DA:489,0
DA:490,0
DA:492,0
DA:493,0
DA:494,0
DA:495,0
DA:496,0
DA:497,0
DA:498,0
DA:502,0
DA:504,0
DA:505,0
DA:506,0
DA:508,0
DA:510,0
DA:511,0
DA:513,0
DA:514,0
DA:516,0
DA:517,0
DA:518,0
DA:520,0
DA:521,0
DA:522,0
DA:526,1872
DA:528,1872
DA:530,1872
DA:531,1872
DA:533,1872
DA:534,0
DA:539,1872
DA:540,1872
DA:541,1872
DA:542,1872
DA:543,1872
DA:544,1872
DA:545,1872
DA:546,1872
DA:548,1872
DA:551,0
DA:552,0
DA:554,1872
DA:555,1872
DA:556,1872
DA:558,1872
DA:559,1872
DA:560,1872
DA:561,1872
DA:563,0
DA:564,1872
DA:568,0
DA:572,0
DA:573,0
DA:574,0
DA:575,0
DA:576,0
DA:577,0
DA:578,0
DA:579,0
DA:581,0
DA:584,0
DA:585,0
DA:587,0
DA:588,0
DA:590,0
DA:591,0
DA:593,0
DA:594,0
DA:596,0
DA:598,0
DA:599,0
DA:600,0
DA:601,0
DA:603,0
DA:604,0
DA:605,0
DA:606,0
DA:607,0
DA:608,0
DA:609,0
DA:610,0
DA:612,0
DA:613,0
DA:614,0
DA:615,0
DA:616,0
DA:620,0
DA:623,0
DA:884,72
DA:908,72
DA:909,72
DA:910,72
DA:911,144
DA:912,72
DA:969,72
DA:971,72
LF:113
LH:42
end_of_record
SF:/Library/Developer/CommandLineTools/usr/include/c++/v1/stdexcept
FN:153,_ZNSt12length_errorC2EPKc
FN:153,_ZNSt12length_errorC1EPKc
FN:248,_ZNSt3__1L20__throw_length_errorEPKc
FNDA:0,_ZNSt12length_errorC1EPKc
FNDA:0,_ZNSt12length_errorC2EPKc
FNDA:0,_ZNSt3__1L20__throw_length_errorEPKc
FNF:3
FNH:0
DA:153,0
DA:248,0
DA:251,0
DA:256,0
LF:4
LH:0
end_of_record
SF:/Library/Developer/CommandLineTools/usr/include/c++/v1/streambuf
FN:220,_ZNSt3__115basic_streambufIcNS_11char_traitsIcEEE5sputcEc
FN:228,_ZNSt3__115basic_streambufIcNS_11char_traitsIcEEE5sputnEPKcl
FN:238,_ZNKSt3__115basic_streambufIcNS_11char_traitsIcEEE5ebackEv
FN:239,_ZNKSt3__115basic_streambufIcNS_11char_traitsIcEEE4gptrEv
FN:240,_ZNKSt3__115basic_streambufIcNS_11char_traitsIcEEE5egptrEv
FN:246,_ZNSt3__115basic_streambufIcNS_11char_traitsIcEEE4setgEPcS4_S4_
FN:253,_ZNKSt3__115basic_streambufIcNS_11char_traitsIcEEE5pbaseEv
FN:254,_ZNKSt3__115basic_streambufIcNS_11char_traitsIcEEE4pptrEv
FN:255,_ZNKSt3__115basic_streambufIcNS_11char_traitsIcEEE5epptrEv
FN:258,_ZNSt3__115basic_streambufIcNS_11char_traitsIcEEE5pbumpEi
FN:261,_ZNSt3__115basic_streambufIcNS_11char_traitsIcEEE7__pbumpEl
FN:264,_ZNSt3__115basic_streambufIcNS_11char_traitsIcEEE4setpEPcS4_
FNDA:1872,_ZNSt3__115basic_streambufIcNS_11char_traitsIcEEE5sputcEc
FNDA:10320,_ZNSt3__115basic_streambufIcNS_11char_traitsIcEEE5sputnEPKcl
FNDA:1872,_ZNKSt3__115basic_streambufIcNS_11char_traitsIcEEE5ebackEv
FNDA:1872,_ZNKSt3__115basic_streambufIcNS_11char_traitsIcEEE4gptrEv
FNDA:0,_ZNKSt3__115basic_streambufIcNS_11char_traitsIcEEE5egptrEv
FNDA:1872,_ZNSt3__115basic_streambufIcNS_11char_traitsIcEEE4setgEPcS4_S4_
FNDA:7080,_ZNKSt3__115basic_streambufIcNS_11char_traitsIcEEE5pbaseEv
FNDA:8166,_ZNKSt3__115basic_streambufIcNS_11char_traitsIcEEE4pptrEv
FNDA:1872,_ZNKSt3__115basic_streambufIcNS_11char_traitsIcEEE5epptrEv
FNDA:0,_ZNSt3__115basic_streambufIcNS_11char_traitsIcEEE5pbumpEi
FNDA:1872,_ZNSt3__115basic_streambufIcNS_11char_traitsIcEEE7__pbumpEl
FNDA:1872,_ZNSt3__115basic_streambufIcNS_11char_traitsIcEEE4setpEPcS4_
FNF:12
FNH:10
DA:220,1872
DA:221,1872
DA:222,0
DA:223,1872
DA:224,1872
DA:225,1872
DA:228,10320
DA:229,10320
DA:238,1872
DA:239,1872
DA:240,0
DA:246,1872
DA:247,1872
DA:248,1872
DA:249,1872
DA:250,1872
DA:253,7080
DA:254,8166
DA:255,1872
DA:258,0
DA:261,1872
DA:264,1872
DA:265,1872
DA:266,1872
DA:267,1872
LF:25
LH:22
end_of_record
SF:/Library/Developer/CommandLineTools/usr/include/c++/v1/string
FN:543,_ZNSt3__14fposI11__mbstate_tEC2Ex
FN:543,_ZNSt3__14fposI11__mbstate_tEC1Ex
FN:545,_ZNKSt3__14fposI11__mbstate_tEcvxEv
FN:817,_ZNSt3__112basic_stringIcNS_11char_traitsIcEENS_9allocatorIcEEEC2IDnEEPKc
FN:817,_ZNSt3__112basic_stringIcNS_11char_traitsIcEENS_9allocatorIcEEEC1IDnEEPKc
FN:946,_ZNKSt3__112basic_stringIcNS_11char_traitsIcEENS_9allocatorIcEEE4sizeEv
FN:948,_ZNKSt3__112basic_stringIcNS_11char_traitsIcEENS_9allocatorIcEEE6lengthEv
FN:950,_ZNKSt3__112basic_stringIcNS_11char_traitsIcEENS_9allocatorIcEEE8capacityEv
FN:955,_ZNSt3__112basic_stringIcNS_11char_traitsIcEENS_9allocatorIcEEE6resizeEm
FN:1240,_ZNKSt3__112basic_stringIcNS_11char_traitsIcEENS_9allocatorIcEEE5c_strEv
FN:1242,_ZNKSt3__112basic_stringIcNS_11char_traitsIcEENS_9allocatorIcEEE4dataEv
FN:1249,_ZNKSt3__112basic_stringIcNS_11char_traitsIcEENS_9allocatorIcEEE13get_allocatorEv
FN:1419,_ZNKSt3__112basic_stringIcNS_11char_traitsIcEENS_9allocatorIcEEE9__is_longEv
FN:1433,_ZNSt3__112basic_stringIcNS_11char_traitsIcEENS_9allocatorIcEEE7__allocEv
FN:1436,_ZNKSt3__112basic_stringIcNS_11char_traitsIcEENS_9allocatorIcEEE7__allocEv
FN:1460,_ZNSt3__112basic_stringIcNS_11char_traitsIcEENS_9allocatorIcEEE16__set_short_sizeEm
FN:1468,_ZNKSt3__112basic_stringIcNS_11char_traitsIcEENS_9allocatorIcEEE16__get_short_sizeEv
FN:1478,_ZNSt3__112basic_stringIcNS_11char_traitsIcEENS_9allocatorIcEEE15__set_long_sizeEm
FN:1481,_ZNKSt3__112basic_stringIcNS_11char_traitsIcEENS_9allocatorIcEEE15__get_long_sizeEv
FN:1488,_ZNSt3__112basic_stringIcNS_11char_traitsIcEENS_9allocatorIcEEE14__set_long_capEm
FN:1491,_ZNKSt3__112basic_stringIcNS_11char_traitsIcEENS_9allocatorIcEEE14__get_long_capEv
FN:1495,_ZNSt3__112basic_stringIcNS_11char_traitsIcEENS_9allocatorIcEEE18__set_long_pointerEPc
FN:1501,_ZNKSt3__112basic_stringIcNS_11char_traitsIcEENS_9allocatorIcEEE18__get_long_pointerEv
FN:1504,_ZNSt3__112basic_stringIcNS_11char_traitsIcEENS_9allocatorIcEEE19__get_short_pointerEv
FN:1507,_ZNKSt3__112basic_stringIcNS_11char_traitsIcEENS_9allocatorIcEEE19__get_short_pointerEv
FN:1513,_ZNKSt3__112basic_stringIcNS_11char_traitsIcEENS_9allocatorIcEEE13__get_pointerEv
FN:1517,_ZNSt3__112basic_stringIcNS_11char_traitsIcEENS_9allocatorIcEEE6__zeroEv
FN:1526,_ZNSt3__112basic_stringIcNS_11char_traitsIcEENS_9allocatorIcEEE10__align_itILm16EEEmm
FN:1530,_ZNSt3__112basic_stringIcNS_11char_traitsIcEENS_9allocatorIcEEE11__recommendEm
FN:1722,_ZNSt3__112basic_stringIcNS_11char_traitsIcEENS_9allocatorIcEEEC1Ev
FN:1722,_ZNSt3__112basic_stringIcNS_11char_traitsIcEENS_9allocatorIcEEEC2Ev
FN:1734,_ZNSt3__112basic_stringIcNS_11char_traitsIcEENS_9allocatorIcEEEC2ERKS4_
FN:1734,_ZNSt3__112basic_stringIcNS_11char_traitsIcEENS_9allocatorIcEEEC1ERKS4_
FN:1864,_ZNSt3__112basic_stringIcNS_11char_traitsIcEENS_9allocatorIcEEEC2EOS5_
FN:1864,_ZNSt3__112basic_stringIcNS_11char_traitsIcEENS_9allocatorIcEEEC1EOS5_
FN:1927,_ZNSt3__112basic_stringIcNS_11char_traitsIcEENS_9allocatorIcEEEC1Emc
FN:1927,_ZNSt3__112basic_stringIcNS_11char_traitsIcEENS_9allocatorIcEEEC2Emc
FN:2049,_ZNSt3__112basic_stringIcNS_11char_traitsIcEENS_9allocatorIcEEE6__initIPcEENS_9enable_ifIXsr27__is_cpp17_forward_iteratorIT_EE5valueEvE4typeES9_S9_
FN:2088,_ZNSt3__112basic_stringIcNS_11char_traitsIcEENS_9allocatorIcEEEC2IPcvEET_S8_RKS4_
FN:2088,_ZNSt3__112basic_stringIcNS_11char_traitsIcEENS_9allocatorIcEEEC1IPcvEET_S8_RKS4_
FN:3134,_ZNKSt3__112basic_stringIcNS_11char_traitsIcEENS_9allocatorIcEEE8max_sizeEv
FN:3375,_ZNKSt3__112basic_stringIcNS_11char_traitsIcEENS_9allocatorIcEEE4findEPKcm
FN:3491,_ZNKSt3__112basic_stringIcNS_11char_traitsIcEENS_9allocatorIcEEE13find_first_ofEPKcm
FN:3894,_ZNSt3__1eqIcNS_11char_traitsIcEENS_9allocatorIcEEEEbRKNS_12basic_stringIT_T0_T1_EEPKS6_
FN:3925,_ZNSt3__1neIcNS_11char_traitsIcEENS_9allocatorIcEEEEbRKNS_12basic_stringIT_T0_T1_EEPKS6_
FNDA:0,_ZNSt3__14fposI11__mbstate_tEC1Ex
FNDA:0,_ZNSt3__14fposI11__mbstate_tEC2Ex
FNDA:0,_ZNKSt3__14fposI11__mbstate_tEcvxEv
FNDA:72,_ZNSt3__112basic_stringIcNS_11char_traitsIcEENS_9allocatorIcEEEC1IDnEEPKc
FNDA:72,_ZNSt3__112basic_stringIcNS_11char_traitsIcEENS_9allocatorIcEEEC2IDnEEPKc
FNDA:2040,_ZNKSt3__112basic_stringIcNS_11char_traitsIcEENS_9allocatorIcEEE4sizeEv
FNDA:24,_ZNKSt3__112basic_stringIcNS_11char_traitsIcEENS_9allocatorIcEEE6lengthEv
FNDA:1872,_ZNKSt3__112basic_stringIcNS_11char_traitsIcEENS_9allocatorIcEEE8capacityEv
FNDA:1872,_ZNSt3__112basic_stringIcNS_11char_traitsIcEENS_9allocatorIcEEE6resizeEm
FNDA:48,_ZNKSt3__112basic_stringIcNS_11char_traitsIcEENS_9allocatorIcEEE5c_strEv
FNDA:3912,_ZNKSt3__112basic_stringIcNS_11char_traitsIcEENS_9allocatorIcEEE4dataEv
FNDA:1464,_ZNKSt3__112basic_stringIcNS_11char_traitsIcEENS_9allocatorIcEEE13get_allocatorEv
FNDA:7824,_ZNKSt3__112basic_stringIcNS_11char_traitsIcEENS_9allocatorIcEEE9__is_longEv
FNDA:312,_ZNSt3__112basic_stringIcNS_11char_traitsIcEENS_9allocatorIcEEE7__allocEv
FNDA:2928,_ZNKSt3__112basic_stringIcNS_11char_traitsIcEENS_9allocatorIcEEE7__allocEv
FNDA:1152,_ZNSt3__112basic_stringIcNS_11char_traitsIcEENS_9allocatorIcEEE16__set_short_sizeEm
FNDA:1512,_ZNKSt3__112basic_stringIcNS_11char_traitsIcEENS_9allocatorIcEEE16__get_short_sizeEv
FNDA:312,_ZNSt3__112basic_stringIcNS_11char_traitsIcEENS_9allocatorIcEEE15__set_long_sizeEm
FNDA:528,_ZNKSt3__112basic_stringIcNS_11char_traitsIcEENS_9allocatorIcEEE15__get_long_sizeEv
FNDA:312,_ZNSt3__112basic_stringIcNS_11char_traitsIcEENS_9allocatorIcEEE14__set_long_capEm
FNDA:456,_ZNKSt3__112basic_stringIcNS_11char_traitsIcEENS_9allocatorIcEEE14__get_long_capEv
FNDA:312,_ZNSt3__112basic_stringIcNS_11char_traitsIcEENS_9allocatorIcEEE18__set_long_pointerEPc
FNDA:1032,_ZNKSt3__112basic_stringIcNS_11char_traitsIcEENS_9allocatorIcEEE18__get_long_pointerEv
FNDA:1152,_ZNSt3__112basic_stringIcNS_11char_traitsIcEENS_9allocatorIcEEE19__get_short_pointerEv
FNDA:2880,_ZNKSt3__112basic_stringIcNS_11char_traitsIcEENS_9allocatorIcEEE19__get_short_pointerEv
FNDA:3912,_ZNKSt3__112basic_stringIcNS_11char_traitsIcEENS_9allocatorIcEEE13__get_pointerEv
FNDA:120,_ZNSt3__112basic_stringIcNS_11char_traitsIcEENS_9allocatorIcEEE6__zeroEv
FNDA:312,_ZNSt3__112basic_stringIcNS_11char_traitsIcEENS_9allocatorIcEEE10__align_itILm16EEEmm
FNDA:312,_ZNSt3__112basic_stringIcNS_11char_traitsIcEENS_9allocatorIcEEE11__recommendEm
FNDA:96,_ZNSt3__112basic_stringIcNS_11char_traitsIcEENS_9allocatorIcEEEC1Ev
FNDA:96,_ZNSt3__112basic_stringIcNS_11char_traitsIcEENS_9allocatorIcEEEC2Ev
FNDA:0,_ZNSt3__112basic_stringIcNS_11char_traitsIcEENS_9allocatorIcEEEC1ERKS4_
FNDA:0,_ZNSt3__112basic_stringIcNS_11char_traitsIcEENS_9allocatorIcEEEC2ERKS4_
FNDA:24,_ZNSt3__112basic_stringIcNS_11char_traitsIcEENS_9allocatorIcEEEC1EOS5_
FNDA:24,_ZNSt3__112basic_stringIcNS_11char_traitsIcEENS_9allocatorIcEEEC2EOS5_
FNDA:0,_ZNSt3__112basic_stringIcNS_11char_traitsIcEENS_9allocatorIcEEEC1Emc
FNDA:0,_ZNSt3__112basic_stringIcNS_11char_traitsIcEENS_9allocatorIcEEEC2Emc
FNDA:1464,_ZNSt3__112basic_stringIcNS_11char_traitsIcEENS_9allocatorIcEEE6__initIPcEENS_9enable_ifIXsr27__is_cpp17_forward_iteratorIT_EE5valueEvE4typeES9_S9_
FNDA:1464,_ZNSt3__112basic_stringIcNS_11char_traitsIcEENS_9allocatorIcEEEC1IPcvEET_S8_RKS4_
FNDA:1464,_ZNSt3__112basic_stringIcNS_11char_traitsIcEENS_9allocatorIcEEEC2IPcvEET_S8_RKS4_
FNDA:1464,_ZNKSt3__112basic_stringIcNS_11char_traitsIcEENS_9allocatorIcEEE8max_sizeEv
FNDA:0,_ZNKSt3__112basic_stringIcNS_11char_traitsIcEENS_9allocatorIcEEE4findEPKcm
FNDA:0,_ZNKSt3__112basic_stringIcNS_11char_traitsIcEENS_9allocatorIcEEE13find_first_ofEPKcm
FNDA:24,_ZNSt3__1eqIcNS_11char_traitsIcEENS_9allocatorIcEEEEbRKNS_12basic_stringIT_T0_T1_EEPKS6_
FNDA:24,_ZNSt3__1neIcNS_11char_traitsIcEENS_9allocatorIcEEEEbRKNS_12basic_stringIT_T0_T1_EEPKS6_
FNF:45
FNH:36
DA:543,0
DA:545,0
DA:817,144
DA:819,72
DA:823,144
DA:946,2040
DA:947,2040
DA:948,24
DA:950,1872
DA:951,1872
DA:952,1872
DA:955,1872
DA:1240,48
DA:1242,3912
DA:1249,1464
DA:1419,7824
DA:1420,7824
DA:1433,312
DA:1434,312
DA:1436,2928
DA:1437,2928
DA:1460,1152
DA:1464,1152
DA:1468,1512
DA:1472,1512
DA:1478,312
DA:1479,312
DA:1481,528
DA:1482,528
DA:1488,312
DA:1489,312
DA:1491,456
DA:1492,456
DA:1495,312
DA:1496,312
DA:1501,1032
DA:1502,1032
DA:1504,1152
DA:1505,1152
DA:1507,2880
DA:1508,2880
DA:1513,3912
DA:1514,3912
DA:1517,120
DA:1519,120
DA:1520,480
DA:1521,360
DA:1522,120
DA:1526,312
DA:1527,312
DA:1530,312
DA:1532,312
DA:1533,624
DA:1534,624
DA:1535,312
DA:1536,312
DA:1537,312
DA:1722,192
DA:1724,96
DA:1725,192
DA:1729,96
DA:1730,192
DA:1734,0
DA:1740,0
DA:1741,0
DA:1745,0
DA:1746,0
DA:1864,48
DA:1870,24
DA:1871,48
DA:1872,24
DA:1878,48
DA:1927,0
DA:1928,0
DA:1929,0
DA:1930,0
DA:1934,0
DA:2049,1464
DA:2051,1464
DA:2052,1464
DA:2053,0
DA:2055,1464
DA:2057,1152
DA:2058,1152
DA:2059,1152
DA:2062,312
DA:2063,312
DA:2064,312
DA:2065,312
DA:2066,312
DA:2068,30276
DA:2069,28812
DA:2070,1464
DA:2071,1464
DA:2088,2928
DA:2090,1464
DA:2091,2928
DA:2092,1464
DA:2096,2928
DA:3134,1464
DA:3136,1464
DA:3140,1464
DA:3375,0
DA:3379,0
DA:3380,0
DA:3491,0
DA:3495,0
DA:3496,0
DA:3894,24
DA:3899,24
DA:3900,24
DA:3901,24
DA:3902,24
DA:3925,24
DA:3928,24
LF:115
LH:96
end_of_record
SF:/Library/Developer/CommandLineTools/usr/include/c++/v1/tuple
FN:231,_ZNSt3__112__tuple_leafILm1EPKN7testing8internal9EqMatcherIjEELb0EEC2IS6_vEEOT_
FN:231,_ZNSt3__112__tuple_leafILm0EPKN7testing8internal11MatcherBaseIRKiEELb0EEC2IS8_vEEOT_
FN:276,_ZNSt3__112__tuple_leafILm0EPKN7testing8internal11MatcherBaseIRKiEELb0EE3getEv
FN:383,_ZNSt3__112__tuple_implINS_15__tuple_indicesIJLm0ELm1EEEEJPKN7testing8internal11MatcherBaseIRKiEEPKNS4_9EqMatcherIjEEEEC1IJLm0ELm1EEJSA_SE_EJEJEJSA_SE_EEENS1_IJXspT_EEEENS_13__tuple_typesIJDpT0_EEENS1_IJXspT1_EEEENSI_IJDpT2_EEEDpOT3_
FN:383,_ZNSt3__112__tuple_implINS_15__tuple_indicesIJLm0ELm1EEEEJPKN7testing8internal11MatcherBaseIRKiEEPKNS4_9EqMatcherIjEEEEC2IJLm0ELm1EEJSA_SE_EJEJEJSA_SE_EEENS1_IJXspT_EEEENS_13__tuple_typesIJDpT0_EEENS1_IJXspT1_EEEENSI_IJDpT2_EEEDpOT3_
FN:783,_ZNSt3__15tupleIJPKN7testing8internal11MatcherBaseIRKiEEPKNS2_9EqMatcherIjEEEEC1IJS8_SC_ELb0ELb0EEEDpOT_
FN:783,_ZNSt3__15tupleIJPKN7testing8internal11MatcherBaseIRKiEEPKNS2_9EqMatcherIjEEEEC2IJS8_SC_ELb0ELb0EEEDpOT_
FN:1026,_ZNSt3__1L3getILm0EJPKN7testing8internal11MatcherBaseIRKiEEPKNS2_9EqMatcherIjEEEEEONS_13tuple_elementIXT_ENS_5tupleIJDpT0_EEEE4typeEOSH_
FN:1138,_ZNSt3__1L10make_tupleIJPKN7testing8internal11MatcherBaseIRKiEEPKNS2_9EqMatcherIjEEEEENS_5tupleIJDpNS_18__unwrap_ref_decayIT_E4typeEEEEDpOSF_
FNDA:0,_ZNSt3__112__tuple_leafILm0EPKN7testing8internal11MatcherBaseIRKiEELb0EEC2IS8_vEEOT_
FNDA:0,_ZNSt3__112__tuple_leafILm1EPKN7testing8internal9EqMatcherIjEELb0EEC2IS6_vEEOT_
FNDA:0,_ZNSt3__112__tuple_leafILm0EPKN7testing8internal11MatcherBaseIRKiEELb0EE3getEv
FNDA:0,_ZNSt3__112__tuple_implINS_15__tuple_indicesIJLm0ELm1EEEEJPKN7testing8internal11MatcherBaseIRKiEEPKNS4_9EqMatcherIjEEEEC1IJLm0ELm1EEJSA_SE_EJEJEJSA_SE_EEENS1_IJXspT_EEEENS_13__tuple_typesIJDpT0_EEENS1_IJXspT1_EEEENSI_IJDpT2_EEEDpOT3_
FNDA:0,_ZNSt3__112__tuple_implINS_15__tuple_indicesIJLm0ELm1EEEEJPKN7testing8internal11MatcherBaseIRKiEEPKNS4_9EqMatcherIjEEEEC2IJLm0ELm1EEJSA_SE_EJEJEJSA_SE_EEENS1_IJXspT_EEEENS_13__tuple_typesIJDpT0_EEENS1_IJXspT1_EEEENSI_IJDpT2_EEEDpOT3_
FNDA:0,_ZNSt3__15tupleIJPKN7testing8internal11MatcherBaseIRKiEEPKNS2_9EqMatcherIjEEEEC1IJS8_SC_ELb0ELb0EEEDpOT_
FNDA:0,_ZNSt3__15tupleIJPKN7testing8internal11MatcherBaseIRKiEEPKNS2_9EqMatcherIjEEEEC2IJS8_SC_ELb0ELb0EEEDpOT_
FNDA:0,_ZNSt3__1L3getILm0EJPKN7testing8internal11MatcherBaseIRKiEEPKNS2_9EqMatcherIjEEEEEONS_13tuple_elementIXT_ENS_5tupleIJDpT0_EEEE4typeEOSH_
FNDA:0,_ZNSt3__1L10make_tupleIJPKN7testing8internal11MatcherBaseIRKiEEPKNS2_9EqMatcherIjEEEEENS_5tupleIJDpNS_18__unwrap_ref_decayIT_E4typeEEEEDpOSF_
FNF:9
FNH:0
DA:231,0
DA:232,0
DA:234,0
DA:276,0
DA:383,0
DA:388,0
DA:390,0
DA:783,0
DA:793,0
DA:797,0
DA:1026,0
DA:1029,0
DA:1030,0
DA:1138,0
DA:1140,0
LF:15
LH:0
end_of_record
SF:/Library/Developer/CommandLineTools/usr/include/c++/v1/type_traits
FN:591,_ZNSt3__1L9addressofIKcEEPT_RS2_
FN:591,_ZNSt3__1L9addressofIcEEPT_RS1_
FN:2264,_ZNSt3__1L4moveIRN7testing8internal9EqMatcherIjEEEEONS_16remove_referenceIT_E4typeEOS7_
FN:2264,_ZNSt3__1L4moveIRNS_17__compressed_pairINS_12basic_stringIcNS_11char_traitsIcEENS_9allocatorIcEEE5__repES6_EEEEONS_16remove_referenceIT_E4typeEOSC_
FN:2273,_ZNSt3__1L7forwardIPKN7testing8internal9EqMatcherIjEEEEOT_RNS_16remove_referenceIS7_E4typeE
FN:2273,_ZNSt3__1L7forwardIRKNS_9allocatorIcEEEEOT_RNS_16remove_referenceIS5_E4typeE
FN:2273,_ZNSt3__1L7forwardINS_18__default_init_tagEEEOT_RNS_16remove_referenceIS2_E4typeE
FN:2273,_ZNSt3__1L7forwardIPKN7testing8internal11MatcherBaseIRKiEEEEOT_RNS_16remove_referenceIS9_E4typeE
FN:2273,_ZNSt3__1L7forwardIRKN7testing8internal9EqMatcherIjEEEEOT_RNS_16remove_referenceIS7_E4typeE
FNDA:2880,_ZNSt3__1L9addressofIKcEEPT_RS2_
FNDA:1152,_ZNSt3__1L9addressofIcEEPT_RS1_
FNDA:96,_ZNSt3__1L4moveIRN7testing8internal9EqMatcherIjEEEEONS_16remove_referenceIT_E4typeEOS7_
FNDA:24,_ZNSt3__1L4moveIRNS_17__compressed_pairINS_12basic_stringIcNS_11char_traitsIcEENS_9allocatorIcEEE5__repES6_EEEEONS_16remove_referenceIT_E4typeEOSC_
FNDA:1800,_ZNSt3__1L7forwardINS_18__default_init_tagEEEOT_RNS_16remove_referenceIS2_E4typeE
FNDA:144,_ZNSt3__1L7forwardIRKN7testing8internal9EqMatcherIjEEEEOT_RNS_16remove_referenceIS7_E4typeE
FNDA:0,_ZNSt3__1L7forwardIPKN7testing8internal11MatcherBaseIRKiEEEEOT_RNS_16remove_referenceIS9_E4typeE
FNDA:0,_ZNSt3__1L7forwardIPKN7testing8internal9EqMatcherIjEEEEOT_RNS_16remove_referenceIS7_E4typeE
FNDA:2928,_ZNSt3__1L7forwardIRKNS_9allocatorIcEEEEOT_RNS_16remove_referenceIS5_E4typeE
FNF:9
FNH:7
DA:591,4032
DA:593,4032
DA:2264,120
DA:2267,120
DA:2273,4872
DA:2275,4872
LF:6
LH:6
end_of_record
SF:/Library/Developer/CommandLineTools/usr/include/c++/v1/typeinfo
FN:163,_ZNSt27__type_info_implementations18__string_impl_base21__type_name_to_stringEPKc
FN:295,_ZNKSt9type_info4nameEv
FNDA:24,_ZNSt27__type_info_implementations18__string_impl_base21__type_name_to_stringEPKc
FNDA:24,_ZNKSt9type_info4nameEv
FNF:2
FNH:2
DA:163,24
DA:164,24
DA:295,24
DA:297,24
LF:4
LH:4
end_of_record
TN:
SF:/Library/Developer/CommandLineTools/usr/include/c++/v1/__locale
FN:248,_ZNSt3__1L9use_facetINS_5ctypeIcEEEERKT_RKNS_6localeE
FN:679,_ZNKSt3__15ctypeIcE5widenEc
FNDA:0,_ZNSt3__1L9use_facetINS_5ctypeIcEEEERKT_RKNS_6localeE
FNDA:0,_ZNKSt3__15ctypeIcE5widenEc
FNF:2
FNH:0
DA:248,0
DA:250,0
DA:679,0
DA:681,0
LF:4
LH:0
end_of_record
SF:/Library/Developer/CommandLineTools/usr/include/c++/v1/__string
FN:253,_ZNSt3__111char_traitsIcE6lengthEPKc
FN:285,_ZNSt3__111char_traitsIcE11eq_int_typeEii
FN:287,_ZNSt3__111char_traitsIcE3eofEv
FNDA:0,_ZNSt3__111char_traitsIcE6lengthEPKc
FNDA:0,_ZNSt3__111char_traitsIcE11eq_int_typeEii
FNDA:0,_ZNSt3__111char_traitsIcE3eofEv
FNF:3
FNH:0
DA:253,0
DA:285,0
DA:286,0
DA:287,0
DA:288,0
LF:5
LH:0
end_of_record
SF:/Users/oguzemrecakil/Desktop/HelloWorld/hello.cpp
FN:4,_ZN5hello5sayHiEv
FN:8,_ZN5hello7return7Ev
FNDA:0,_ZN5hello5sayHiEv
FNDA:48,_ZN5hello7return7Ev
FNF:2
FNH:1
DA:4,0
DA:6,0
DA:7,0
DA:8,48
DA:10,48
LF:5
LH:2
end_of_record
SF:/Library/Developer/CommandLineTools/usr/include/c++/v1/ios
FN:348,_ZNKSt3__18ios_base5rdbufEv
FN:458,_ZNKSt3__18ios_base5flagsEv
FN:520,_ZNKSt3__18ios_base5widthEv
FN:527,_ZNSt3__18ios_base5widthEl
FN:545,_ZNSt3__18ios_base8setstateEj
FN:632,_ZNSt3__19basic_iosIcNS_11char_traitsIcEEE8setstateEj
FN:737,_ZNKSt3__19basic_iosIcNS_11char_traitsIcEEE5rdbufEv
FN:775,_ZNKSt3__19basic_iosIcNS_11char_traitsIcEEE5widenEc
FN:783,_ZNKSt3__19basic_iosIcNS_11char_traitsIcEEE4fillEv
FNDA:0,_ZNKSt3__18ios_base5rdbufEv
FNDA:0,_ZNKSt3__18ios_base5flagsEv
FNDA:0,_ZNKSt3__18ios_base5widthEv
FNDA:0,_ZNSt3__18ios_base5widthEl
FNDA:0,_ZNSt3__18ios_base8setstateEj
FNDA:0,_ZNSt3__19basic_iosIcNS_11char_traitsIcEEE8setstateEj
FNDA:0,_ZNKSt3__19basic_iosIcNS_11char_traitsIcEEE5rdbufEv
FNDA:0,_ZNKSt3__19basic_iosIcNS_11char_traitsIcEEE5widenEc
FNDA:0,_ZNKSt3__19basic_iosIcNS_11char_traitsIcEEE4fillEv
FNF:9
FNH:0
DA:348,0
DA:458,0
DA:460,0
DA:520,0
DA:522,0
DA:527,0
DA:529,0
DA:530,0
DA:531,0
DA:545,0
DA:547,0
DA:548,0
DA:632,0
DA:737,0
DA:739,0
DA:775,0
DA:777,0
DA:778,0
DA:783,0
DA:785,0
DA:786,0
DA:787,0
LF:22
LH:0
end_of_record
SF:/Library/Developer/CommandLineTools/usr/include/c++/v1/iterator
FN:1162,_ZNSt3__119ostreambuf_iteratorIcNS_11char_traitsIcEEEC1ERNS_13basic_ostreamIcS2_EE
FN:1162,_ZNSt3__119ostreambuf_iteratorIcNS_11char_traitsIcEEEC2ERNS_13basic_ostreamIcS2_EE
FN:1175,_ZNKSt3__119ostreambuf_iteratorIcNS_11char_traitsIcEEE6failedEv
FNDA:0,_ZNSt3__119ostreambuf_iteratorIcNS_11char_traitsIcEEEC1ERNS_13basic_ostreamIcS2_EE
FNDA:0,_ZNSt3__119ostreambuf_iteratorIcNS_11char_traitsIcEEEC2ERNS_13basic_ostreamIcS2_EE
FNDA:0,_ZNKSt3__119ostreambuf_iteratorIcNS_11char_traitsIcEEE6failedEv
FNF:3
FNH:0
DA:1162,0
DA:1163,0
DA:1175,0
LF:3
LH:0
end_of_record
SF:/Library/Developer/CommandLineTools/usr/include/c++/v1/locale
FN:1378,_ZNSt3__116__pad_and_outputIcNS_11char_traitsIcEEEENS_19ostreambuf_iteratorIT_T0_EES6_PKS4_S8_S8_RNS_8ios_baseES4_
FNDA:0,_ZNSt3__116__pad_and_outputIcNS_11char_traitsIcEEEENS_19ostreambuf_iteratorIT_T0_EES6_PKS4_S8_S8_RNS_8ios_baseES4_
FNF:1
FNH:0
DA:1378,0
DA:1382,0
DA:1383,0
DA:1384,0
DA:1385,0
DA:1386,0
DA:1387,0
DA:1389,0
DA:1390,0
DA:1391,0
DA:1393,0
DA:1395,0
DA:1396,0
DA:1398,0
DA:1399,0
DA:1401,0
DA:1402,0
DA:1404,0
DA:1405,0
DA:1407,0
DA:1408,0
DA:1409,0
DA:1411,0
DA:1413,0
DA:1414,0
DA:1416,0
DA:1417,0
DA:1418,0
DA:1419,0
LF:29
LH:0
end_of_record
SF:/Library/Developer/CommandLineTools/usr/include/c++/v1/memory
FN:991,_ZNSt3__114pointer_traitsIPKcE10pointer_toERS1_
FN:1126,_ZNSt3__1L12__to_addressIKcEEPT_S3_
FN:1853,_ZNSt3__19allocatorIcEC2Ev
FN:2199,_ZNSt3__122__compressed_pair_elemINS_12basic_stringIcNS_11char_traitsIcEENS_9allocatorIcEEE5__repELi0ELb0EEC2ENS_18__default_init_tagE
FN:2225,_ZNKSt3__122__compressed_pair_elemINS_12basic_stringIcNS_11char_traitsIcEENS_9allocatorIcEEE5__repELi0ELb0EE5__getEv
FN:2240,_ZNSt3__122__compressed_pair_elemINS_9allocatorIcEELi1ELb1EEC2ENS_18__default_init_tagE
FN:2293,_ZNSt3__117__compressed_pairINS_12basic_stringIcNS_11char_traitsIcEENS_9allocatorIcEEE5__repES5_EC2INS_18__default_init_tagESA_EEOT_OT0_
FN:2293,_ZNSt3__117__compressed_pairINS_12basic_stringIcNS_11char_traitsIcEENS_9allocatorIcEEE5__repES5_EC1INS_18__default_init_tagESA_EEOT_OT0_
FN:2313,_ZNKSt3__117__compressed_pairINS_12basic_stringIcNS_11char_traitsIcEENS_9allocatorIcEEE5__repES5_E5firstEv
FNDA:0,_ZNSt3__114pointer_traitsIPKcE10pointer_toERS1_
FNDA:0,_ZNSt3__1L12__to_addressIKcEEPT_S3_
FNDA:0,_ZNSt3__19allocatorIcEC2Ev
FNDA:0,_ZNSt3__122__compressed_pair_elemINS_12basic_stringIcNS_11char_traitsIcEENS_9allocatorIcEEE5__repELi0ELb0EEC2ENS_18__default_init_tagE
FNDA:0,_ZNKSt3__122__compressed_pair_elemINS_12basic_stringIcNS_11char_traitsIcEENS_9allocatorIcEEE5__repELi0ELb0EE5__getEv
FNDA:0,_ZNSt3__122__compressed_pair_elemINS_9allocatorIcEELi1ELb1EEC2ENS_18__default_init_tagE
FNDA:0,_ZNSt3__117__compressed_pairINS_12basic_stringIcNS_11char_traitsIcEENS_9allocatorIcEEE5__repES5_EC1INS_18__default_init_tagESA_EEOT_OT0_
FNDA:0,_ZNSt3__117__compressed_pairINS_12basic_stringIcNS_11char_traitsIcEENS_9allocatorIcEEE5__repES5_EC2INS_18__default_init_tagESA_EEOT_OT0_
FNDA:0,_ZNKSt3__117__compressed_pairINS_12basic_stringIcNS_11char_traitsIcEENS_9allocatorIcEEE5__repES5_E5firstEv
FNF:9
FNH:0
DA:991,0
DA:993,0
DA:1126,0
DA:1129,0
DA:1853,0
DA:2199,0
DA:2225,0
DA:2240,0
DA:2293,0
DA:2294,0
DA:2313,0
DA:2314,0
LF:12
LH:0
end_of_record
SF:/Library/Developer/CommandLineTools/usr/include/c++/v1/ostream
FN:259,_ZNKSt3__113basic_ostreamIcNS_11char_traitsIcEEE6sentrycvbEv
FN:719,_ZNSt3__124__put_character_sequenceIcNS_11char_traitsIcEEEERNS_13basic_ostreamIT_T0_EES7_PKS4_m
FN:867,_ZNSt3__1lsINS_11char_traitsIcEEEERNS_13basic_ostreamIcT_EES6_PKc
FNDA:0,_ZNKSt3__113basic_ostreamIcNS_11char_traitsIcEEE6sentrycvbEv
FNDA:0,_ZNSt3__124__put_character_sequenceIcNS_11char_traitsIcEEEERNS_13basic_ostreamIT_T0_EES7_PKS4_m
FNDA:0,_ZNSt3__1lsINS_11char_traitsIcEEEERNS_13basic_ostreamIcT_EES6_PKc
FNF:3
FNH:0
DA:259,0
DA:719,0
DA:726,0
DA:727,0
DA:730,0
DA:731,0
DA:732,0
DA:733,0
DA:734,0
DA:735,0
DA:736,0
DA:737,0
DA:738,0
DA:739,0
DA:741,0
DA:744,0
DA:745,0
DA:747,0
DA:748,0
DA:867,0
DA:869,0
LF:21
LH:0
end_of_record
SF:/Library/Developer/CommandLineTools/usr/include/c++/v1/streambuf
FN:228,_ZNSt3__115basic_streambufIcNS_11char_traitsIcEEE5sputnEPKcl
FNDA:0,_ZNSt3__115basic_streambufIcNS_11char_traitsIcEEE5sputnEPKcl
FNF:1
FNH:0
DA:228,0
DA:229,0
LF:2
LH:0
end_of_record
SF:/Library/Developer/CommandLineTools/usr/include/c++/v1/string
FN:1242,_ZNKSt3__112basic_stringIcNS_11char_traitsIcEENS_9allocatorIcEEE4dataEv
FN:1419,_ZNKSt3__112basic_stringIcNS_11char_traitsIcEENS_9allocatorIcEEE9__is_longEv
FN:1501,_ZNKSt3__112basic_stringIcNS_11char_traitsIcEENS_9allocatorIcEEE18__get_long_pointerEv
FN:1507,_ZNKSt3__112basic_stringIcNS_11char_traitsIcEENS_9allocatorIcEEE19__get_short_pointerEv
FN:1513,_ZNKSt3__112basic_stringIcNS_11char_traitsIcEENS_9allocatorIcEEE13__get_pointerEv
FN:1927,_ZNSt3__112basic_stringIcNS_11char_traitsIcEENS_9allocatorIcEEEC1Emc
FN:1927,_ZNSt3__112basic_stringIcNS_11char_traitsIcEENS_9allocatorIcEEEC2Emc
FNDA:0,_ZNKSt3__112basic_stringIcNS_11char_traitsIcEENS_9allocatorIcEEE4dataEv
FNDA:0,_ZNKSt3__112basic_stringIcNS_11char_traitsIcEENS_9allocatorIcEEE9__is_longEv
FNDA:0,_ZNKSt3__112basic_stringIcNS_11char_traitsIcEENS_9allocatorIcEEE18__get_long_pointerEv
FNDA:0,_ZNKSt3__112basic_stringIcNS_11char_traitsIcEENS_9allocatorIcEEE19__get_short_pointerEv
FNDA:0,_ZNKSt3__112basic_stringIcNS_11char_traitsIcEENS_9allocatorIcEEE13__get_pointerEv
FNDA:0,_ZNSt3__112basic_stringIcNS_11char_traitsIcEENS_9allocatorIcEEEC1Emc
FNDA:0,_ZNSt3__112basic_stringIcNS_11char_traitsIcEENS_9allocatorIcEEEC2Emc
FNF:7
FNH:0
DA:1242,0
DA:1419,0
DA:1420,0
DA:1501,0
DA:1502,0
DA:1507,0
DA:1508,0
DA:1513,0
DA:1514,0
DA:1927,0
DA:1928,0
DA:1929,0
DA:1930,0
DA:1934,0
LF:14
LH:0
end_of_record
SF:/Library/Developer/CommandLineTools/usr/include/c++/v1/type_traits
FN:591,_ZNSt3__1L9addressofIKcEEPT_RS2_
FN:2273,_ZNSt3__1L7forwardINS_18__default_init_tagEEEOT_RNS_16remove_referenceIS2_E4typeE
FNDA:0,_ZNSt3__1L9addressofIKcEEPT_RS2_
FNDA:0,_ZNSt3__1L7forwardINS_18__default_init_tagEEEOT_RNS_16remove_referenceIS2_E4typeE
FNF:2
FNH:0
DA:591,0
DA:593,0
DA:2273,0
DA:2275,0
LF:4
LH:0
end_of_record
